<?xml version="1.0" encoding="UTF-8"?>
<testng-results ignored="49" total="122" passed="58" failed="15" skipped="0">
  <reporter-output>
  </reporter-output>
  <suite started-at="2023-05-17T12:24:16 EDT" name="Suite" finished-at="2023-05-17T12:29:56 EDT" duration-ms="339889">
    <groups>
      <group name="Page">
        <method signature="ArrayTest_POM.OpenHomeURL()[pri:1, instance:pom.pageFactory.testRunner.ArrayTest_POM@43af351a]" name="OpenHomeURL" class="pom.pageFactory.testRunner.ArrayTest_POM"/>
        <method signature="DataStructureTest_POM.OpenHomeURL()[pri:1, instance:pom.pageFactory.testRunner.DataStructureTest_POM@5e7c141d]" name="OpenHomeURL" class="pom.pageFactory.testRunner.DataStructureTest_POM"/>
        <method signature="GraphTest_POM.instantiateDriver()[pri:1, instance:pom.pageFactory.testRunner.GraphTest_POM@4b97c4ad]" name="instantiateDriver" class="pom.pageFactory.testRunner.GraphTest_POM"/>
        <method signature="LinkedListTest_POM.OpenHomeURL()[pri:1, instance:pom.pageFactory.testRunner.LinkedListTest_POM@1305c126]" name="OpenHomeURL" class="pom.pageFactory.testRunner.LinkedListTest_POM"/>
        <method signature="LoginTest_POM.OpenHomeURL()[pri:1, instance:pom.pageFactory.testRunner.LoginTest_POM@97d0c06]" name="OpenHomeURL" class="pom.pageFactory.testRunner.LoginTest_POM"/>
        <method signature="QueueTest_POM.OpenHomeURL()[pri:1, instance:pom.pageFactory.testRunner.QueueTest_POM@4c1bdcc2]" name="OpenHomeURL" class="pom.pageFactory.testRunner.QueueTest_POM"/>
        <method signature="RegistrationTest_POM.OpenHomeURL()[pri:1, instance:pom.pageFactory.testRunner.RegistrationTest_POM@68ab0936]" name="OpenHomeURL" class="pom.pageFactory.testRunner.RegistrationTest_POM"/>
        <method signature="StackTest_POM.OpenHomeURL()[pri:1, instance:pom.pageFactory.testRunner.StackTest_POM@72f9f27c]" name="OpenHomeURL" class="pom.pageFactory.testRunner.StackTest_POM"/>
        <method signature="TreeTest_POM.OpenHomeURL()[pri:1, instance:pom.pageFactory.testRunner.TreeTest_POM@762637be]" name="OpenHomeURL" class="pom.pageFactory.testRunner.TreeTest_POM"/>
        <method signature="RegistrationTest_POM.LoadAppHome()[pri:2, instance:pom.pageFactory.testRunner.RegistrationTest_POM@68ab0936]" name="LoadAppHome" class="pom.pageFactory.testRunner.RegistrationTest_POM"/>
        <method signature="RegistrationTest_POM.ClickGetStarted()[pri:3, instance:pom.pageFactory.testRunner.RegistrationTest_POM@68ab0936]" name="ClickGetStarted" class="pom.pageFactory.testRunner.RegistrationTest_POM"/>
        <method signature="LoginTest_POM.ClickSignInLink()[pri:4, instance:pom.pageFactory.testRunner.LoginTest_POM@97d0c06]" name="ClickSignInLink" class="pom.pageFactory.testRunner.LoginTest_POM"/>
        <method signature="RegistrationTest_POM.ClickRegisterLink()[pri:4, instance:pom.pageFactory.testRunner.RegistrationTest_POM@68ab0936]" name="ClickRegisterLink" class="pom.pageFactory.testRunner.RegistrationTest_POM"/>
        <method signature="LoginTest_POM.LoginNegativeTest()[pri:5, instance:pom.pageFactory.testRunner.LoginTest_POM@97d0c06]" name="LoginNegativeTest" class="pom.pageFactory.testRunner.LoginTest_POM"/>
        <method signature="RegistrationTest_POM.registerUserNegativeTest()[pri:5, instance:pom.pageFactory.testRunner.RegistrationTest_POM@68ab0936]" name="registerUserNegativeTest" class="pom.pageFactory.testRunner.RegistrationTest_POM"/>
        <method signature="LoginTest_POM.UserPositiveTest()[pri:6, instance:pom.pageFactory.testRunner.LoginTest_POM@97d0c06]" name="UserPositiveTest" class="pom.pageFactory.testRunner.LoginTest_POM"/>
        <method signature="DataStructureTest_POM.ClickDSLinkOnHomePage()[pri:7, instance:pom.pageFactory.testRunner.DataStructureTest_POM@5e7c141d]" name="ClickDSLinkOnHomePage" class="pom.pageFactory.testRunner.DataStructureTest_POM"/>
        <method signature="RegistrationTest_POM.registerUserPositiveTest()[pri:7, instance:pom.pageFactory.testRunner.RegistrationTest_POM@68ab0936]" name="registerUserPositiveTest" class="pom.pageFactory.testRunner.RegistrationTest_POM"/>
        <method signature="DataStructureTest_POM.DataStructureSmokeTest_TimeComplexity()[pri:8, instance:pom.pageFactory.testRunner.DataStructureTest_POM@5e7c141d]" name="DataStructureSmokeTest_TimeComplexity" class="pom.pageFactory.testRunner.DataStructureTest_POM"/>
        <method signature="ArrayTest_POM.ArrayPage_WrongInput()[pri:9, instance:pom.pageFactory.testRunner.ArrayTest_POM@43af351a]" name="ArrayPage_WrongInput" class="pom.pageFactory.testRunner.ArrayTest_POM"/>
        <method signature="DataStructureTest_POM.DataStructureSmokeTest_PracticeQuestion()[pri:9, instance:pom.pageFactory.testRunner.DataStructureTest_POM@5e7c141d]" name="DataStructureSmokeTest_PracticeQuestion" class="pom.pageFactory.testRunner.DataStructureTest_POM"/>
        <method signature="GraphTest_POM.click_graphLink_wrongText()[pri:9, instance:pom.pageFactory.testRunner.GraphTest_POM@4b97c4ad]" name="click_graphLink_wrongText" class="pom.pageFactory.testRunner.GraphTest_POM"/>
        <method signature="GraphTest_POM.click_graph_link()[pri:9, instance:pom.pageFactory.testRunner.GraphTest_POM@4b97c4ad]" name="click_graph_link" class="pom.pageFactory.testRunner.GraphTest_POM"/>
        <method signature="LinkedListTest_POM.introduction()[pri:9, instance:pom.pageFactory.testRunner.LinkedListTest_POM@1305c126]" name="introduction" class="pom.pageFactory.testRunner.LinkedListTest_POM"/>
        <method signature="QueueTest_POM.clickImplementationQueue()[pri:9, instance:pom.pageFactory.testRunner.QueueTest_POM@4c1bdcc2]" name="clickImplementationQueue" class="pom.pageFactory.testRunner.QueueTest_POM"/>
        <method signature="RegistrationTest_POM.ClickSignOutLink()[pri:9, instance:pom.pageFactory.testRunner.RegistrationTest_POM@68ab0936]" name="ClickSignOutLink" class="pom.pageFactory.testRunner.RegistrationTest_POM"/>
        <method signature="StackTest_POM.operations_in_stack()[pri:9, instance:pom.pageFactory.testRunner.StackTest_POM@72f9f27c]" name="operations_in_stack" class="pom.pageFactory.testRunner.StackTest_POM"/>
        <method signature="TreeTest_POM.click_OverviewOfTrees()[pri:9, instance:pom.pageFactory.testRunner.TreeTest_POM@762637be]" name="click_OverviewOfTrees" class="pom.pageFactory.testRunner.TreeTest_POM"/>
        <method signature="ArrayTest_POM.ArrayPage_ArraysInPython()[pri:10, instance:pom.pageFactory.testRunner.ArrayTest_POM@43af351a]" name="ArrayPage_ArraysInPython" class="pom.pageFactory.testRunner.ArrayTest_POM"/>
        <method signature="DataStructureTest_POM.DataStructureSmokeTest_Dropdown()[pri:10, instance:pom.pageFactory.testRunner.DataStructureTest_POM@5e7c141d]" name="DataStructureSmokeTest_Dropdown" class="pom.pageFactory.testRunner.DataStructureTest_POM"/>
        <method signature="ArrayTest_POM.ArrayPage_ArraysUsingList()[pri:11, instance:pom.pageFactory.testRunner.ArrayTest_POM@43af351a]" name="ArrayPage_ArraysUsingList" class="pom.pageFactory.testRunner.ArrayTest_POM"/>
        <method signature="GraphTest_POM.click_graph_representation()[pri:11, instance:pom.pageFactory.testRunner.GraphTest_POM@4b97c4ad]" name="click_graph_representation" class="pom.pageFactory.testRunner.GraphTest_POM"/>
        <method signature="LinkedListTest_POM.create_LinkedList()[pri:11, instance:pom.pageFactory.testRunner.LinkedListTest_POM@1305c126]" name="create_LinkedList" class="pom.pageFactory.testRunner.LinkedListTest_POM"/>
        <method signature="QueueTest_POM.clickImplementationCollections()[pri:11, instance:pom.pageFactory.testRunner.QueueTest_POM@4c1bdcc2]" name="clickImplementationCollections" class="pom.pageFactory.testRunner.QueueTest_POM"/>
        <method signature="StackTest_POM.implementation_stack()[pri:11, instance:pom.pageFactory.testRunner.StackTest_POM@72f9f27c]" name="implementation_stack" class="pom.pageFactory.testRunner.StackTest_POM"/>
        <method signature="TreeTest_POM.click_Terminolgies()[pri:11, instance:pom.pageFactory.testRunner.TreeTest_POM@762637be]" name="click_Terminolgies" class="pom.pageFactory.testRunner.TreeTest_POM"/>
        <method signature="ArrayTest_POM.ArrayPage_BasicOperations()[pri:12, instance:pom.pageFactory.testRunner.ArrayTest_POM@43af351a]" name="ArrayPage_BasicOperations" class="pom.pageFactory.testRunner.ArrayTest_POM"/>
        <method signature="ArrayTest_POM.ArrayPage_ApplicationsOfArrays()[pri:13, instance:pom.pageFactory.testRunner.ArrayTest_POM@43af351a]" name="ArrayPage_ApplicationsOfArrays" class="pom.pageFactory.testRunner.ArrayTest_POM"/>
        <method signature="GraphTest_POM.click_graph_practice_questions()[pri:13, instance:pom.pageFactory.testRunner.GraphTest_POM@4b97c4ad]" name="click_graph_practice_questions" class="pom.pageFactory.testRunner.GraphTest_POM"/>
        <method signature="LinkedListTest_POM.typeOfLinkedList()[pri:13, instance:pom.pageFactory.testRunner.LinkedListTest_POM@1305c126]" name="typeOfLinkedList" class="pom.pageFactory.testRunner.LinkedListTest_POM"/>
        <method signature="QueueTest_POM.clickImplementationArray()[pri:13, instance:pom.pageFactory.testRunner.QueueTest_POM@4c1bdcc2]" name="clickImplementationArray" class="pom.pageFactory.testRunner.QueueTest_POM"/>
        <method signature="StackTest_POM.application_stack()[pri:13, instance:pom.pageFactory.testRunner.StackTest_POM@72f9f27c]" name="application_stack" class="pom.pageFactory.testRunner.StackTest_POM"/>
        <method signature="TreeTest_POM.click_TypesOfTrees()[pri:13, instance:pom.pageFactory.testRunner.TreeTest_POM@762637be]" name="click_TypesOfTrees" class="pom.pageFactory.testRunner.TreeTest_POM"/>
        <method signature="ArrayTest_POM.ArrayPage_PracticeQuestionsLink()[pri:14, instance:pom.pageFactory.testRunner.ArrayTest_POM@43af351a]" name="ArrayPage_PracticeQuestionsLink" class="pom.pageFactory.testRunner.ArrayTest_POM"/>
        <method signature="TreeTest_POM.click_TreeTraversals()[pri:14, instance:pom.pageFactory.testRunner.TreeTest_POM@762637be]" name="click_TreeTraversals" class="pom.pageFactory.testRunner.TreeTest_POM"/>
        <method signature="ArrayTest_POM.ArrayPage_PracticeQuestion1()[pri:15, instance:pom.pageFactory.testRunner.ArrayTest_POM@43af351a]" name="ArrayPage_PracticeQuestion1" class="pom.pageFactory.testRunner.ArrayTest_POM"/>
        <method signature="GraphTest_POM.graphPage_ClickSignOut()[pri:15, instance:pom.pageFactory.testRunner.GraphTest_POM@4b97c4ad]" name="graphPage_ClickSignOut" class="pom.pageFactory.testRunner.GraphTest_POM"/>
        <method signature="LinkedListTest_POM.implementLLInPython()[pri:15, instance:pom.pageFactory.testRunner.LinkedListTest_POM@1305c126]" name="implementLLInPython" class="pom.pageFactory.testRunner.LinkedListTest_POM"/>
        <method signature="QueueTest_POM.clickQueueOperations()[pri:15, instance:pom.pageFactory.testRunner.QueueTest_POM@4c1bdcc2]" name="clickQueueOperations" class="pom.pageFactory.testRunner.QueueTest_POM"/>
        <method signature="StackTest_POM.stack_PracticeQuestionsLink()[pri:15, instance:pom.pageFactory.testRunner.StackTest_POM@72f9f27c]" name="stack_PracticeQuestionsLink" class="pom.pageFactory.testRunner.StackTest_POM"/>
        <method signature="TreeTest_POM.click_TraversalIllustration()[pri:15, instance:pom.pageFactory.testRunner.TreeTest_POM@762637be]" name="click_TraversalIllustration" class="pom.pageFactory.testRunner.TreeTest_POM"/>
        <method signature="ArrayTest_POM.ArrayPage_PracticeQuestion2()[pri:16, instance:pom.pageFactory.testRunner.ArrayTest_POM@43af351a]" name="ArrayPage_PracticeQuestion2" class="pom.pageFactory.testRunner.ArrayTest_POM"/>
        <method signature="QueueTest_POM.queue_PracticeQuestionsLink()[pri:16, instance:pom.pageFactory.testRunner.QueueTest_POM@4c1bdcc2]" name="queue_PracticeQuestionsLink" class="pom.pageFactory.testRunner.QueueTest_POM"/>
        <method signature="ArrayTest_POM.ArrayPage_PracticeQuestion3()[pri:17, instance:pom.pageFactory.testRunner.ArrayTest_POM@43af351a]" name="ArrayPage_PracticeQuestion3" class="pom.pageFactory.testRunner.ArrayTest_POM"/>
        <method signature="GraphTest_POM.closeDriver()[pri:17, instance:pom.pageFactory.testRunner.GraphTest_POM@4b97c4ad]" name="closeDriver" class="pom.pageFactory.testRunner.GraphTest_POM"/>
        <method signature="LinkedListTest_POM.traversal()[pri:17, instance:pom.pageFactory.testRunner.LinkedListTest_POM@1305c126]" name="traversal" class="pom.pageFactory.testRunner.LinkedListTest_POM"/>
        <method signature="QueueTest_POM.queue_Dropdown()[pri:17, instance:pom.pageFactory.testRunner.QueueTest_POM@4c1bdcc2]" name="queue_Dropdown" class="pom.pageFactory.testRunner.QueueTest_POM"/>
        <method signature="StackTest_POM.stack_DropDown()[pri:17, instance:pom.pageFactory.testRunner.StackTest_POM@72f9f27c]" name="stack_DropDown" class="pom.pageFactory.testRunner.StackTest_POM"/>
        <method signature="TreeTest_POM.click_TypesOfBinaryTrees()[pri:17, instance:pom.pageFactory.testRunner.TreeTest_POM@762637be]" name="click_TypesOfBinaryTrees" class="pom.pageFactory.testRunner.TreeTest_POM"/>
        <method signature="ArrayTest_POM.ArrayPage_PracticeQuestion4()[pri:18, instance:pom.pageFactory.testRunner.ArrayTest_POM@43af351a]" name="ArrayPage_PracticeQuestion4" class="pom.pageFactory.testRunner.ArrayTest_POM"/>
        <method signature="ArrayTest_POM.ArrayPage_DropDown_LL()[pri:19, instance:pom.pageFactory.testRunner.ArrayTest_POM@43af351a]" name="ArrayPage_DropDown_LL" class="pom.pageFactory.testRunner.ArrayTest_POM"/>
        <method signature="LinkedListTest_POM.deletion()[pri:19, instance:pom.pageFactory.testRunner.LinkedListTest_POM@1305c126]" name="deletion" class="pom.pageFactory.testRunner.LinkedListTest_POM"/>
        <method signature="LinkedListTest_POM.insertion()[pri:19, instance:pom.pageFactory.testRunner.LinkedListTest_POM@1305c126]" name="insertion" class="pom.pageFactory.testRunner.LinkedListTest_POM"/>
        <method signature="TreeTest_POM.click_ImpInPython()[pri:19, instance:pom.pageFactory.testRunner.TreeTest_POM@762637be]" name="click_ImpInPython" class="pom.pageFactory.testRunner.TreeTest_POM"/>
        <method signature="LinkedListTest_POM.LinkedList_PracticeQuestionsLink()[pri:21, instance:pom.pageFactory.testRunner.LinkedListTest_POM@1305c126]" name="LinkedList_PracticeQuestionsLink" class="pom.pageFactory.testRunner.LinkedListTest_POM"/>
        <method signature="TreeTest_POM.click_BinaryTreeTravesals()[pri:21, instance:pom.pageFactory.testRunner.TreeTest_POM@762637be]" name="click_BinaryTreeTravesals" class="pom.pageFactory.testRunner.TreeTest_POM"/>
        <method signature="LinkedListTest_POM.LinkedList_DropDown_LL()[pri:23, instance:pom.pageFactory.testRunner.LinkedListTest_POM@1305c126]" name="LinkedList_DropDown_LL" class="pom.pageFactory.testRunner.LinkedListTest_POM"/>
        <method signature="TreeTest_POM.click_ImpOfBinaryTrees()[pri:23, instance:pom.pageFactory.testRunner.TreeTest_POM@762637be]" name="click_ImpOfBinaryTrees" class="pom.pageFactory.testRunner.TreeTest_POM"/>
        <method signature="TreeTest_POM.click_AppOfBinaryTrees()[pri:25, instance:pom.pageFactory.testRunner.TreeTest_POM@762637be]" name="click_AppOfBinaryTrees" class="pom.pageFactory.testRunner.TreeTest_POM"/>
        <method signature="TreeTest_POM.click_BinarySearchTrees()[pri:27, instance:pom.pageFactory.testRunner.TreeTest_POM@762637be]" name="click_BinarySearchTrees" class="pom.pageFactory.testRunner.TreeTest_POM"/>
        <method signature="TreeTest_POM.click_ImpOfBST()[pri:29, instance:pom.pageFactory.testRunner.TreeTest_POM@762637be]" name="click_ImpOfBST" class="pom.pageFactory.testRunner.TreeTest_POM"/>
        <method signature="TreeTest_POM.tree_PracticeQuestionsLink()[pri:31, instance:pom.pageFactory.testRunner.TreeTest_POM@762637be]" name="tree_PracticeQuestionsLink" class="pom.pageFactory.testRunner.TreeTest_POM"/>
        <method signature="TreeTest_POM.tree_Dropdown()[pri:33, instance:pom.pageFactory.testRunner.TreeTest_POM@762637be]" name="tree_Dropdown" class="pom.pageFactory.testRunner.TreeTest_POM"/>
      </group> <!-- Page -->
      <group name="Smoke">
        <method signature="ArrayTest_POM.OpenHomeURL()[pri:1, instance:pom.pageFactory.testRunner.ArrayTest_POM@43af351a]" name="OpenHomeURL" class="pom.pageFactory.testRunner.ArrayTest_POM"/>
        <method signature="DataStructureTest_POM.OpenHomeURL()[pri:1, instance:pom.pageFactory.testRunner.DataStructureTest_POM@5e7c141d]" name="OpenHomeURL" class="pom.pageFactory.testRunner.DataStructureTest_POM"/>
        <method signature="GraphTest_POM.instantiateDriver()[pri:1, instance:pom.pageFactory.testRunner.GraphTest_POM@4b97c4ad]" name="instantiateDriver" class="pom.pageFactory.testRunner.GraphTest_POM"/>
        <method signature="LinkedListTest_POM.OpenHomeURL()[pri:1, instance:pom.pageFactory.testRunner.LinkedListTest_POM@1305c126]" name="OpenHomeURL" class="pom.pageFactory.testRunner.LinkedListTest_POM"/>
        <method signature="LoginTest_POM.OpenHomeURL()[pri:1, instance:pom.pageFactory.testRunner.LoginTest_POM@97d0c06]" name="OpenHomeURL" class="pom.pageFactory.testRunner.LoginTest_POM"/>
        <method signature="QueueTest_POM.OpenHomeURL()[pri:1, instance:pom.pageFactory.testRunner.QueueTest_POM@4c1bdcc2]" name="OpenHomeURL" class="pom.pageFactory.testRunner.QueueTest_POM"/>
        <method signature="RegistrationTest_POM.OpenHomeURL()[pri:1, instance:pom.pageFactory.testRunner.RegistrationTest_POM@68ab0936]" name="OpenHomeURL" class="pom.pageFactory.testRunner.RegistrationTest_POM"/>
        <method signature="StackTest_POM.OpenHomeURL()[pri:1, instance:pom.pageFactory.testRunner.StackTest_POM@72f9f27c]" name="OpenHomeURL" class="pom.pageFactory.testRunner.StackTest_POM"/>
        <method signature="TreeTest_POM.OpenHomeURL()[pri:1, instance:pom.pageFactory.testRunner.TreeTest_POM@762637be]" name="OpenHomeURL" class="pom.pageFactory.testRunner.TreeTest_POM"/>
        <method signature="RegistrationTest_POM.LoadAppHome()[pri:2, instance:pom.pageFactory.testRunner.RegistrationTest_POM@68ab0936]" name="LoadAppHome" class="pom.pageFactory.testRunner.RegistrationTest_POM"/>
        <method signature="RegistrationTest_POM.ClickGetStarted()[pri:3, instance:pom.pageFactory.testRunner.RegistrationTest_POM@68ab0936]" name="ClickGetStarted" class="pom.pageFactory.testRunner.RegistrationTest_POM"/>
        <method signature="LoginTest_POM.ClickSignInLink()[pri:4, instance:pom.pageFactory.testRunner.LoginTest_POM@97d0c06]" name="ClickSignInLink" class="pom.pageFactory.testRunner.LoginTest_POM"/>
        <method signature="RegistrationTest_POM.ClickRegisterLink()[pri:4, instance:pom.pageFactory.testRunner.RegistrationTest_POM@68ab0936]" name="ClickRegisterLink" class="pom.pageFactory.testRunner.RegistrationTest_POM"/>
        <method signature="LoginTest_POM.LoginNegativeTest()[pri:5, instance:pom.pageFactory.testRunner.LoginTest_POM@97d0c06]" name="LoginNegativeTest" class="pom.pageFactory.testRunner.LoginTest_POM"/>
        <method signature="RegistrationTest_POM.registerUserNegativeTest()[pri:5, instance:pom.pageFactory.testRunner.RegistrationTest_POM@68ab0936]" name="registerUserNegativeTest" class="pom.pageFactory.testRunner.RegistrationTest_POM"/>
        <method signature="LoginTest_POM.UserPositiveTest()[pri:6, instance:pom.pageFactory.testRunner.LoginTest_POM@97d0c06]" name="UserPositiveTest" class="pom.pageFactory.testRunner.LoginTest_POM"/>
        <method signature="DataStructureTest_POM.ClickDSLinkOnHomePage()[pri:7, instance:pom.pageFactory.testRunner.DataStructureTest_POM@5e7c141d]" name="ClickDSLinkOnHomePage" class="pom.pageFactory.testRunner.DataStructureTest_POM"/>
        <method signature="RegistrationTest_POM.registerUserPositiveTest()[pri:7, instance:pom.pageFactory.testRunner.RegistrationTest_POM@68ab0936]" name="registerUserPositiveTest" class="pom.pageFactory.testRunner.RegistrationTest_POM"/>
        <method signature="DataStructureTest_POM.DataStructureSmokeTest_TimeComplexity()[pri:8, instance:pom.pageFactory.testRunner.DataStructureTest_POM@5e7c141d]" name="DataStructureSmokeTest_TimeComplexity" class="pom.pageFactory.testRunner.DataStructureTest_POM"/>
        <method signature="ArrayTest_POM.ArrayPage_WrongInput()[pri:9, instance:pom.pageFactory.testRunner.ArrayTest_POM@43af351a]" name="ArrayPage_WrongInput" class="pom.pageFactory.testRunner.ArrayTest_POM"/>
        <method signature="DataStructureTest_POM.DataStructureSmokeTest_PracticeQuestion()[pri:9, instance:pom.pageFactory.testRunner.DataStructureTest_POM@5e7c141d]" name="DataStructureSmokeTest_PracticeQuestion" class="pom.pageFactory.testRunner.DataStructureTest_POM"/>
        <method signature="GraphTest_POM.click_graphLink_wrongText()[pri:9, instance:pom.pageFactory.testRunner.GraphTest_POM@4b97c4ad]" name="click_graphLink_wrongText" class="pom.pageFactory.testRunner.GraphTest_POM"/>
        <method signature="GraphTest_POM.click_graph_link()[pri:9, instance:pom.pageFactory.testRunner.GraphTest_POM@4b97c4ad]" name="click_graph_link" class="pom.pageFactory.testRunner.GraphTest_POM"/>
        <method signature="LinkedListTest_POM.introduction()[pri:9, instance:pom.pageFactory.testRunner.LinkedListTest_POM@1305c126]" name="introduction" class="pom.pageFactory.testRunner.LinkedListTest_POM"/>
        <method signature="QueueTest_POM.clickImplementationQueue()[pri:9, instance:pom.pageFactory.testRunner.QueueTest_POM@4c1bdcc2]" name="clickImplementationQueue" class="pom.pageFactory.testRunner.QueueTest_POM"/>
        <method signature="RegistrationTest_POM.ClickSignOutLink()[pri:9, instance:pom.pageFactory.testRunner.RegistrationTest_POM@68ab0936]" name="ClickSignOutLink" class="pom.pageFactory.testRunner.RegistrationTest_POM"/>
        <method signature="StackTest_POM.operations_in_stack()[pri:9, instance:pom.pageFactory.testRunner.StackTest_POM@72f9f27c]" name="operations_in_stack" class="pom.pageFactory.testRunner.StackTest_POM"/>
        <method signature="TreeTest_POM.click_OverviewOfTrees()[pri:9, instance:pom.pageFactory.testRunner.TreeTest_POM@762637be]" name="click_OverviewOfTrees" class="pom.pageFactory.testRunner.TreeTest_POM"/>
        <method signature="ArrayTest_POM.ArrayPage_ArraysInPython()[pri:10, instance:pom.pageFactory.testRunner.ArrayTest_POM@43af351a]" name="ArrayPage_ArraysInPython" class="pom.pageFactory.testRunner.ArrayTest_POM"/>
        <method signature="DataStructureTest_POM.DataStructureSmokeTest_Dropdown()[pri:10, instance:pom.pageFactory.testRunner.DataStructureTest_POM@5e7c141d]" name="DataStructureSmokeTest_Dropdown" class="pom.pageFactory.testRunner.DataStructureTest_POM"/>
        <method signature="ArrayTest_POM.ArrayPage_ArraysUsingList()[pri:11, instance:pom.pageFactory.testRunner.ArrayTest_POM@43af351a]" name="ArrayPage_ArraysUsingList" class="pom.pageFactory.testRunner.ArrayTest_POM"/>
        <method signature="GraphTest_POM.click_graph_representation()[pri:11, instance:pom.pageFactory.testRunner.GraphTest_POM@4b97c4ad]" name="click_graph_representation" class="pom.pageFactory.testRunner.GraphTest_POM"/>
        <method signature="LinkedListTest_POM.create_LinkedList()[pri:11, instance:pom.pageFactory.testRunner.LinkedListTest_POM@1305c126]" name="create_LinkedList" class="pom.pageFactory.testRunner.LinkedListTest_POM"/>
        <method signature="QueueTest_POM.clickImplementationCollections()[pri:11, instance:pom.pageFactory.testRunner.QueueTest_POM@4c1bdcc2]" name="clickImplementationCollections" class="pom.pageFactory.testRunner.QueueTest_POM"/>
        <method signature="StackTest_POM.implementation_stack()[pri:11, instance:pom.pageFactory.testRunner.StackTest_POM@72f9f27c]" name="implementation_stack" class="pom.pageFactory.testRunner.StackTest_POM"/>
        <method signature="TreeTest_POM.click_Terminolgies()[pri:11, instance:pom.pageFactory.testRunner.TreeTest_POM@762637be]" name="click_Terminolgies" class="pom.pageFactory.testRunner.TreeTest_POM"/>
        <method signature="ArrayTest_POM.ArrayPage_BasicOperations()[pri:12, instance:pom.pageFactory.testRunner.ArrayTest_POM@43af351a]" name="ArrayPage_BasicOperations" class="pom.pageFactory.testRunner.ArrayTest_POM"/>
        <method signature="ArrayTest_POM.ArrayPage_ApplicationsOfArrays()[pri:13, instance:pom.pageFactory.testRunner.ArrayTest_POM@43af351a]" name="ArrayPage_ApplicationsOfArrays" class="pom.pageFactory.testRunner.ArrayTest_POM"/>
        <method signature="GraphTest_POM.click_graph_practice_questions()[pri:13, instance:pom.pageFactory.testRunner.GraphTest_POM@4b97c4ad]" name="click_graph_practice_questions" class="pom.pageFactory.testRunner.GraphTest_POM"/>
        <method signature="LinkedListTest_POM.typeOfLinkedList()[pri:13, instance:pom.pageFactory.testRunner.LinkedListTest_POM@1305c126]" name="typeOfLinkedList" class="pom.pageFactory.testRunner.LinkedListTest_POM"/>
        <method signature="QueueTest_POM.clickImplementationArray()[pri:13, instance:pom.pageFactory.testRunner.QueueTest_POM@4c1bdcc2]" name="clickImplementationArray" class="pom.pageFactory.testRunner.QueueTest_POM"/>
        <method signature="StackTest_POM.application_stack()[pri:13, instance:pom.pageFactory.testRunner.StackTest_POM@72f9f27c]" name="application_stack" class="pom.pageFactory.testRunner.StackTest_POM"/>
        <method signature="TreeTest_POM.click_TypesOfTrees()[pri:13, instance:pom.pageFactory.testRunner.TreeTest_POM@762637be]" name="click_TypesOfTrees" class="pom.pageFactory.testRunner.TreeTest_POM"/>
        <method signature="ArrayTest_POM.ArrayPage_PracticeQuestionsLink()[pri:14, instance:pom.pageFactory.testRunner.ArrayTest_POM@43af351a]" name="ArrayPage_PracticeQuestionsLink" class="pom.pageFactory.testRunner.ArrayTest_POM"/>
        <method signature="TreeTest_POM.click_TreeTraversals()[pri:14, instance:pom.pageFactory.testRunner.TreeTest_POM@762637be]" name="click_TreeTraversals" class="pom.pageFactory.testRunner.TreeTest_POM"/>
        <method signature="ArrayTest_POM.ArrayPage_PracticeQuestion1()[pri:15, instance:pom.pageFactory.testRunner.ArrayTest_POM@43af351a]" name="ArrayPage_PracticeQuestion1" class="pom.pageFactory.testRunner.ArrayTest_POM"/>
        <method signature="GraphTest_POM.graphPage_ClickSignOut()[pri:15, instance:pom.pageFactory.testRunner.GraphTest_POM@4b97c4ad]" name="graphPage_ClickSignOut" class="pom.pageFactory.testRunner.GraphTest_POM"/>
        <method signature="LinkedListTest_POM.implementLLInPython()[pri:15, instance:pom.pageFactory.testRunner.LinkedListTest_POM@1305c126]" name="implementLLInPython" class="pom.pageFactory.testRunner.LinkedListTest_POM"/>
        <method signature="QueueTest_POM.clickQueueOperations()[pri:15, instance:pom.pageFactory.testRunner.QueueTest_POM@4c1bdcc2]" name="clickQueueOperations" class="pom.pageFactory.testRunner.QueueTest_POM"/>
        <method signature="StackTest_POM.stack_PracticeQuestionsLink()[pri:15, instance:pom.pageFactory.testRunner.StackTest_POM@72f9f27c]" name="stack_PracticeQuestionsLink" class="pom.pageFactory.testRunner.StackTest_POM"/>
        <method signature="TreeTest_POM.click_TraversalIllustration()[pri:15, instance:pom.pageFactory.testRunner.TreeTest_POM@762637be]" name="click_TraversalIllustration" class="pom.pageFactory.testRunner.TreeTest_POM"/>
        <method signature="ArrayTest_POM.ArrayPage_PracticeQuestion2()[pri:16, instance:pom.pageFactory.testRunner.ArrayTest_POM@43af351a]" name="ArrayPage_PracticeQuestion2" class="pom.pageFactory.testRunner.ArrayTest_POM"/>
        <method signature="QueueTest_POM.queue_PracticeQuestionsLink()[pri:16, instance:pom.pageFactory.testRunner.QueueTest_POM@4c1bdcc2]" name="queue_PracticeQuestionsLink" class="pom.pageFactory.testRunner.QueueTest_POM"/>
        <method signature="ArrayTest_POM.ArrayPage_PracticeQuestion3()[pri:17, instance:pom.pageFactory.testRunner.ArrayTest_POM@43af351a]" name="ArrayPage_PracticeQuestion3" class="pom.pageFactory.testRunner.ArrayTest_POM"/>
        <method signature="GraphTest_POM.closeDriver()[pri:17, instance:pom.pageFactory.testRunner.GraphTest_POM@4b97c4ad]" name="closeDriver" class="pom.pageFactory.testRunner.GraphTest_POM"/>
        <method signature="LinkedListTest_POM.traversal()[pri:17, instance:pom.pageFactory.testRunner.LinkedListTest_POM@1305c126]" name="traversal" class="pom.pageFactory.testRunner.LinkedListTest_POM"/>
        <method signature="QueueTest_POM.queue_Dropdown()[pri:17, instance:pom.pageFactory.testRunner.QueueTest_POM@4c1bdcc2]" name="queue_Dropdown" class="pom.pageFactory.testRunner.QueueTest_POM"/>
        <method signature="StackTest_POM.stack_DropDown()[pri:17, instance:pom.pageFactory.testRunner.StackTest_POM@72f9f27c]" name="stack_DropDown" class="pom.pageFactory.testRunner.StackTest_POM"/>
        <method signature="TreeTest_POM.click_TypesOfBinaryTrees()[pri:17, instance:pom.pageFactory.testRunner.TreeTest_POM@762637be]" name="click_TypesOfBinaryTrees" class="pom.pageFactory.testRunner.TreeTest_POM"/>
        <method signature="ArrayTest_POM.ArrayPage_PracticeQuestion4()[pri:18, instance:pom.pageFactory.testRunner.ArrayTest_POM@43af351a]" name="ArrayPage_PracticeQuestion4" class="pom.pageFactory.testRunner.ArrayTest_POM"/>
        <method signature="ArrayTest_POM.ArrayPage_DropDown_LL()[pri:19, instance:pom.pageFactory.testRunner.ArrayTest_POM@43af351a]" name="ArrayPage_DropDown_LL" class="pom.pageFactory.testRunner.ArrayTest_POM"/>
        <method signature="LinkedListTest_POM.deletion()[pri:19, instance:pom.pageFactory.testRunner.LinkedListTest_POM@1305c126]" name="deletion" class="pom.pageFactory.testRunner.LinkedListTest_POM"/>
        <method signature="LinkedListTest_POM.insertion()[pri:19, instance:pom.pageFactory.testRunner.LinkedListTest_POM@1305c126]" name="insertion" class="pom.pageFactory.testRunner.LinkedListTest_POM"/>
        <method signature="TreeTest_POM.click_ImpInPython()[pri:19, instance:pom.pageFactory.testRunner.TreeTest_POM@762637be]" name="click_ImpInPython" class="pom.pageFactory.testRunner.TreeTest_POM"/>
        <method signature="LinkedListTest_POM.LinkedList_PracticeQuestionsLink()[pri:21, instance:pom.pageFactory.testRunner.LinkedListTest_POM@1305c126]" name="LinkedList_PracticeQuestionsLink" class="pom.pageFactory.testRunner.LinkedListTest_POM"/>
        <method signature="TreeTest_POM.click_BinaryTreeTravesals()[pri:21, instance:pom.pageFactory.testRunner.TreeTest_POM@762637be]" name="click_BinaryTreeTravesals" class="pom.pageFactory.testRunner.TreeTest_POM"/>
        <method signature="LinkedListTest_POM.LinkedList_DropDown_LL()[pri:23, instance:pom.pageFactory.testRunner.LinkedListTest_POM@1305c126]" name="LinkedList_DropDown_LL" class="pom.pageFactory.testRunner.LinkedListTest_POM"/>
        <method signature="TreeTest_POM.click_ImpOfBinaryTrees()[pri:23, instance:pom.pageFactory.testRunner.TreeTest_POM@762637be]" name="click_ImpOfBinaryTrees" class="pom.pageFactory.testRunner.TreeTest_POM"/>
        <method signature="TreeTest_POM.click_AppOfBinaryTrees()[pri:25, instance:pom.pageFactory.testRunner.TreeTest_POM@762637be]" name="click_AppOfBinaryTrees" class="pom.pageFactory.testRunner.TreeTest_POM"/>
        <method signature="TreeTest_POM.click_BinarySearchTrees()[pri:27, instance:pom.pageFactory.testRunner.TreeTest_POM@762637be]" name="click_BinarySearchTrees" class="pom.pageFactory.testRunner.TreeTest_POM"/>
        <method signature="TreeTest_POM.click_ImpOfBST()[pri:29, instance:pom.pageFactory.testRunner.TreeTest_POM@762637be]" name="click_ImpOfBST" class="pom.pageFactory.testRunner.TreeTest_POM"/>
        <method signature="TreeTest_POM.tree_PracticeQuestionsLink()[pri:31, instance:pom.pageFactory.testRunner.TreeTest_POM@762637be]" name="tree_PracticeQuestionsLink" class="pom.pageFactory.testRunner.TreeTest_POM"/>
        <method signature="TreeTest_POM.tree_Dropdown()[pri:33, instance:pom.pageFactory.testRunner.TreeTest_POM@762637be]" name="tree_Dropdown" class="pom.pageFactory.testRunner.TreeTest_POM"/>
      </group> <!-- Smoke -->
    </groups>
    <test started-at="2023-05-17T12:24:16 EDT" name="Test" finished-at="2023-05-17T12:29:56 EDT" duration-ms="339889">
      <class name="pom.pageFactory.testRunner.RegistrationTest_POM">
        <test-method signature="OpenHomeURL()[pri:1, instance:pom.pageFactory.testRunner.RegistrationTest_POM@68ab0936]" started-at="2023-05-17T12:24:16 EDT" name="OpenHomeURL" finished-at="2023-05-17T12:24:20 EDT" duration-ms="4045" status="PASS">
          <reporter-output>
          </reporter-output>
        </test-method> <!-- OpenHomeURL -->
        <test-method signature="LoadAppHome()[pri:2, instance:pom.pageFactory.testRunner.RegistrationTest_POM@68ab0936]" started-at="2023-05-17T12:24:21 EDT" name="LoadAppHome" finished-at="2023-05-17T12:24:22 EDT" duration-ms="1703" status="PASS">
          <reporter-output>
          </reporter-output>
        </test-method> <!-- LoadAppHome -->
        <test-method signature="ClickGetStarted()[pri:3, instance:pom.pageFactory.testRunner.RegistrationTest_POM@68ab0936]" started-at="2023-05-17T12:24:22 EDT" name="ClickGetStarted" finished-at="2023-05-17T12:24:24 EDT" duration-ms="2065" status="PASS">
          <reporter-output>
          </reporter-output>
        </test-method> <!-- ClickGetStarted -->
        <test-method signature="ClickRegisterLink()[pri:4, instance:pom.pageFactory.testRunner.RegistrationTest_POM@68ab0936]" started-at="2023-05-17T12:24:24 EDT" name="ClickRegisterLink" finished-at="2023-05-17T12:24:26 EDT" duration-ms="1263" status="PASS">
          <reporter-output>
          </reporter-output>
        </test-method> <!-- ClickRegisterLink -->
        <test-method signature="registerUserNegativeTest()[pri:5, instance:pom.pageFactory.testRunner.RegistrationTest_POM@68ab0936]" started-at="2023-05-17T12:24:26 EDT" name="registerUserNegativeTest" finished-at="2023-05-17T12:24:29 EDT" duration-ms="3512" status="PASS">
          <reporter-output>
          </reporter-output>
        </test-method> <!-- registerUserNegativeTest -->
        <test-method signature="registerUserPositiveTest()[pri:7, instance:pom.pageFactory.testRunner.RegistrationTest_POM@68ab0936]" started-at="2023-05-17T12:24:29 EDT" name="registerUserPositiveTest" finished-at="2023-05-17T12:24:32 EDT" duration-ms="2454" status="PASS">
          <reporter-output>
          </reporter-output>
        </test-method> <!-- registerUserPositiveTest -->
        <test-method signature="ClickSignOutLink()[pri:9, instance:pom.pageFactory.testRunner.RegistrationTest_POM@68ab0936]" started-at="2023-05-17T12:24:32 EDT" name="ClickSignOutLink" finished-at="2023-05-17T12:24:33 EDT" duration-ms="1201" status="PASS">
          <reporter-output>
          </reporter-output>
        </test-method> <!-- ClickSignOutLink -->
      </class> <!-- pom.pageFactory.testRunner.RegistrationTest_POM -->
      <class name="pom.pageFactory.testRunner.LinkedListTest_POM">
        <test-method signature="OpenHomeURL()[pri:1, instance:pom.pageFactory.testRunner.LinkedListTest_POM@1305c126]" started-at="2023-05-17T12:25:52 EDT" name="OpenHomeURL" finished-at="2023-05-17T12:25:52 EDT" duration-ms="10" status="PASS">
          <reporter-output>
          </reporter-output>
        </test-method> <!-- OpenHomeURL -->
        <test-method signature="introduction()[pri:9, instance:pom.pageFactory.testRunner.LinkedListTest_POM@1305c126]" started-at="2023-05-17T12:25:52 EDT" name="introduction" finished-at="2023-05-17T12:25:57 EDT" duration-ms="4889" status="PASS">
          <reporter-output>
          </reporter-output>
        </test-method> <!-- introduction -->
        <test-method signature="create_LinkedList()[pri:11, instance:pom.pageFactory.testRunner.LinkedListTest_POM@1305c126]" started-at="2023-05-17T12:25:57 EDT" name="create_LinkedList" finished-at="2023-05-17T12:26:02 EDT" duration-ms="4830" status="PASS">
          <reporter-output>
          </reporter-output>
        </test-method> <!-- create_LinkedList -->
        <test-method signature="typeOfLinkedList()[pri:13, instance:pom.pageFactory.testRunner.LinkedListTest_POM@1305c126]" started-at="2023-05-17T12:26:02 EDT" name="typeOfLinkedList" finished-at="2023-05-17T12:26:07 EDT" duration-ms="5125" status="PASS">
          <reporter-output>
          </reporter-output>
        </test-method> <!-- typeOfLinkedList -->
        <test-method signature="implementLLInPython()[pri:15, instance:pom.pageFactory.testRunner.LinkedListTest_POM@1305c126]" started-at="2023-05-17T12:26:07 EDT" name="implementLLInPython" finished-at="2023-05-17T12:26:12 EDT" duration-ms="5001" status="PASS">
          <reporter-output>
          </reporter-output>
        </test-method> <!-- implementLLInPython -->
        <test-method signature="traversal()[pri:17, instance:pom.pageFactory.testRunner.LinkedListTest_POM@1305c126]" started-at="2023-05-17T12:26:12 EDT" name="traversal" finished-at="2023-05-17T12:26:17 EDT" duration-ms="4710" status="PASS">
          <reporter-output>
          </reporter-output>
        </test-method> <!-- traversal -->
        <test-method signature="deletion()[pri:19, instance:pom.pageFactory.testRunner.LinkedListTest_POM@1305c126]" started-at="2023-05-17T12:26:17 EDT" name="deletion" finished-at="2023-05-17T12:26:22 EDT" duration-ms="5175" status="PASS">
          <reporter-output>
          </reporter-output>
        </test-method> <!-- deletion -->
        <test-method signature="insertion()[pri:19, instance:pom.pageFactory.testRunner.LinkedListTest_POM@1305c126]" started-at="2023-05-17T12:26:22 EDT" name="insertion" finished-at="2023-05-17T12:26:27 EDT" duration-ms="4764" status="PASS">
          <reporter-output>
          </reporter-output>
        </test-method> <!-- insertion -->
        <test-method signature="LinkedList_PracticeQuestionsLink()[pri:21, instance:pom.pageFactory.testRunner.LinkedListTest_POM@1305c126]" started-at="2023-05-17T12:26:27 EDT" name="LinkedList_PracticeQuestionsLink" finished-at="2023-05-17T12:26:28 EDT" duration-ms="1203" status="PASS">
          <reporter-output>
          </reporter-output>
        </test-method> <!-- LinkedList_PracticeQuestionsLink -->
        <test-method signature="LinkedList_DropDown_LL()[pri:23, instance:pom.pageFactory.testRunner.LinkedListTest_POM@1305c126]" started-at="2023-05-17T12:26:28 EDT" name="LinkedList_DropDown_LL" finished-at="2023-05-17T12:26:30 EDT" duration-ms="1749" status="PASS">
          <reporter-output>
          </reporter-output>
        </test-method> <!-- LinkedList_DropDown_LL -->
      </class> <!-- pom.pageFactory.testRunner.LinkedListTest_POM -->
      <class name="pom.pageFactory.testRunner.TreeTest_POM">
        <test-method signature="OpenHomeURL()[pri:1, instance:pom.pageFactory.testRunner.TreeTest_POM@762637be]" started-at="2023-05-17T12:27:14 EDT" name="OpenHomeURL" finished-at="2023-05-17T12:27:14 EDT" duration-ms="6" status="PASS">
          <reporter-output>
          </reporter-output>
        </test-method> <!-- OpenHomeURL -->
        <test-method signature="click_OverviewOfTrees()[pri:9, instance:pom.pageFactory.testRunner.TreeTest_POM@762637be]" started-at="2023-05-17T12:27:14 EDT" name="click_OverviewOfTrees" finished-at="2023-05-17T12:27:20 EDT" duration-ms="6214" status="PASS">
          <reporter-output>
          </reporter-output>
        </test-method> <!-- click_OverviewOfTrees -->
        <test-method signature="click_Terminolgies()[pri:11, instance:pom.pageFactory.testRunner.TreeTest_POM@762637be]" started-at="2023-05-17T12:27:20 EDT" name="click_Terminolgies" finished-at="2023-05-17T12:27:26 EDT" duration-ms="5737" status="PASS">
          <reporter-output>
          </reporter-output>
        </test-method> <!-- click_Terminolgies -->
        <test-method signature="click_TypesOfTrees()[pri:13, instance:pom.pageFactory.testRunner.TreeTest_POM@762637be]" started-at="2023-05-17T12:27:26 EDT" name="click_TypesOfTrees" finished-at="2023-05-17T12:27:32 EDT" duration-ms="6393" status="PASS">
          <reporter-output>
          </reporter-output>
        </test-method> <!-- click_TypesOfTrees -->
        <test-method signature="click_TreeTraversals()[pri:14, instance:pom.pageFactory.testRunner.TreeTest_POM@762637be]" started-at="2023-05-17T12:27:32 EDT" name="click_TreeTraversals" finished-at="2023-05-17T12:27:38 EDT" duration-ms="5998" status="PASS">
          <reporter-output>
          </reporter-output>
        </test-method> <!-- click_TreeTraversals -->
        <test-method signature="click_TraversalIllustration()[pri:15, instance:pom.pageFactory.testRunner.TreeTest_POM@762637be]" started-at="2023-05-17T12:27:38 EDT" name="click_TraversalIllustration" finished-at="2023-05-17T12:27:51 EDT" duration-ms="12713" status="FAIL">
          <exception class="org.openqa.selenium.ElementNotInteractableException">
            <message>
              <![CDATA[element not interactable
  (Session info: chrome=113.0.5672.93)
Build info: version: '4.8.3', revision: 'e5e76298c3'
System info: os.name: 'Windows 11', os.arch: 'amd64', os.version: '10.0', java.version: '19.0.2'
Driver info: org.openqa.selenium.chrome.ChromeDriver
Command: [f723c1dc365735f33b5e14d6774225ef, sendKeysToElement {id=92B60C2643155BB3261BE2351567B234_element_465, value=[Ljava.lang.CharSequence;@6d4bb60f}]
Capabilities {acceptInsecureCerts: false, browserName: chrome, browserVersion: 113.0.5672.93, chrome: {chromedriverVersion: 113.0.5672.63 (0e1a4471d5ae..., userDataDir: C:\Users\Garima\AppData\Loc...}, goog:chromeOptions: {debuggerAddress: localhost:64922}, networkConnectionEnabled: false, pageLoadStrategy: normal, platformName: WINDOWS, proxy: Proxy(), se:cdp: ws://localhost:64922/devtoo..., se:cdpVersion: 113.0.5672.93, setWindowRect: true, strictFileInteractability: false, timeouts: {implicit: 0, pageLoad: 300000, script: 30000}, unhandledPromptBehavior: dismiss and notify, webauthn:extension:credBlob: true, webauthn:extension:largeBlob: true, webauthn:extension:minPinLength: true, webauthn:extension:prf: true, webauthn:virtualAuthenticators: true}
Element: [[ChromeDriver: chrome on WINDOWS (f723c1dc365735f33b5e14d6774225ef)] -> xpath: //form[@id='answer_form']/div/div/div/textarea]
Session ID: f723c1dc365735f33b5e14d6774225ef]]>
            </message>
            <full-stacktrace>
              <![CDATA[org.openqa.selenium.ElementNotInteractableException: element not interactable
  (Session info: chrome=113.0.5672.93)
Build info: version: '4.8.3', revision: 'e5e76298c3'
System info: os.name: 'Windows 11', os.arch: 'amd64', os.version: '10.0', java.version: '19.0.2'
Driver info: org.openqa.selenium.chrome.ChromeDriver
Command: [f723c1dc365735f33b5e14d6774225ef, sendKeysToElement {id=92B60C2643155BB3261BE2351567B234_element_465, value=[Ljava.lang.CharSequence;@6d4bb60f}]
Capabilities {acceptInsecureCerts: false, browserName: chrome, browserVersion: 113.0.5672.93, chrome: {chromedriverVersion: 113.0.5672.63 (0e1a4471d5ae..., userDataDir: C:\Users\Garima\AppData\Loc...}, goog:chromeOptions: {debuggerAddress: localhost:64922}, networkConnectionEnabled: false, pageLoadStrategy: normal, platformName: WINDOWS, proxy: Proxy(), se:cdp: ws://localhost:64922/devtoo..., se:cdpVersion: 113.0.5672.93, setWindowRect: true, strictFileInteractability: false, timeouts: {implicit: 0, pageLoad: 300000, script: 30000}, unhandledPromptBehavior: dismiss and notify, webauthn:extension:credBlob: true, webauthn:extension:largeBlob: true, webauthn:extension:minPinLength: true, webauthn:extension:prf: true, webauthn:virtualAuthenticators: true}
Element: [[ChromeDriver: chrome on WINDOWS (f723c1dc365735f33b5e14d6774225ef)] -> xpath: //form[@id='answer_form']/div/div/div/textarea]
Session ID: f723c1dc365735f33b5e14d6774225ef
at java.base/jdk.internal.reflect.DirectConstructorHandleAccessor.newInstance(DirectConstructorHandleAccessor.java:67)
at java.base/java.lang.reflect.Constructor.newInstanceWithCaller(Constructor.java:500)
at java.base/java.lang.reflect.Constructor.newInstance(Constructor.java:484)
at org.openqa.selenium.remote.codec.w3c.W3CHttpResponseCodec.createException(W3CHttpResponseCodec.java:200)
at org.openqa.selenium.remote.codec.w3c.W3CHttpResponseCodec.decode(W3CHttpResponseCodec.java:133)
at org.openqa.selenium.remote.codec.w3c.W3CHttpResponseCodec.decode(W3CHttpResponseCodec.java:53)
at org.openqa.selenium.remote.HttpCommandExecutor.execute(HttpCommandExecutor.java:193)
at org.openqa.selenium.remote.service.DriverCommandExecutor.invokeExecute(DriverCommandExecutor.java:183)
at org.openqa.selenium.remote.service.DriverCommandExecutor.execute(DriverCommandExecutor.java:158)
at org.openqa.selenium.remote.RemoteWebDriver.execute(RemoteWebDriver.java:543)
at org.openqa.selenium.remote.RemoteWebElement.execute(RemoteWebElement.java:257)
at org.openqa.selenium.remote.RemoteWebElement.sendKeys(RemoteWebElement.java:113)
at java.base/jdk.internal.reflect.DirectMethodHandleAccessor.invoke(DirectMethodHandleAccessor.java:104)
at java.base/java.lang.reflect.Method.invoke(Method.java:578)
at org.openqa.selenium.support.pagefactory.internal.LocatingElementHandler.invoke(LocatingElementHandler.java:52)
at jdk.proxy2/jdk.proxy2.$Proxy20.sendKeys(Unknown Source)
at pom.pageFactory.pageObject.TreePage.addCodeInTextArea(TreePage.java:165)
at pom.pageFactory.testRunner.TreeTest_POM.click_TraversalIllustration(TreeTest_POM.java:126)
at java.base/jdk.internal.reflect.DirectMethodHandleAccessor.invoke(DirectMethodHandleAccessor.java:104)
at java.base/java.lang.reflect.Method.invoke(Method.java:578)
at org.testng.internal.invokers.MethodInvocationHelper.invokeMethod(MethodInvocationHelper.java:139)
at org.testng.internal.invokers.TestInvoker.invokeMethod(TestInvoker.java:677)
at org.testng.internal.invokers.TestInvoker.invokeTestMethod(TestInvoker.java:221)
at org.testng.internal.invokers.MethodRunner.runInSequence(MethodRunner.java:50)
at org.testng.internal.invokers.TestInvoker$MethodInvocationAgent.invoke(TestInvoker.java:969)
at org.testng.internal.invokers.TestInvoker.invokeTestMethods(TestInvoker.java:194)
at org.testng.internal.invokers.TestMethodWorker.invokeTestMethods(TestMethodWorker.java:148)
at org.testng.internal.invokers.TestMethodWorker.run(TestMethodWorker.java:128)
at java.base/java.util.ArrayList.forEach(ArrayList.java:1511)
at org.testng.TestRunner.privateRun(TestRunner.java:829)
at org.testng.TestRunner.run(TestRunner.java:602)
at org.testng.SuiteRunner.runTest(SuiteRunner.java:437)
at org.testng.SuiteRunner.runSequentially(SuiteRunner.java:431)
at org.testng.SuiteRunner.privateRun(SuiteRunner.java:391)
at org.testng.SuiteRunner.run(SuiteRunner.java:330)
at org.testng.SuiteRunnerWorker.runSuite(SuiteRunnerWorker.java:52)
at org.testng.SuiteRunnerWorker.run(SuiteRunnerWorker.java:95)
at org.testng.TestNG.runSuitesSequentially(TestNG.java:1256)
at org.testng.TestNG.runSuitesLocally(TestNG.java:1176)
at org.testng.TestNG.runSuites(TestNG.java:1099)
at org.testng.TestNG.run(TestNG.java:1067)
at org.testng.remote.AbstractRemoteTestNG.run(AbstractRemoteTestNG.java:115)
at org.testng.remote.RemoteTestNG.initAndRun(RemoteTestNG.java:251)
at org.testng.remote.RemoteTestNG.main(RemoteTestNG.java:77)
]]>
            </full-stacktrace>
          </exception> <!-- org.openqa.selenium.ElementNotInteractableException -->
          <reporter-output>
          </reporter-output>
        </test-method> <!-- click_TraversalIllustration -->
        <test-method signature="click_TypesOfBinaryTrees()[pri:17, instance:pom.pageFactory.testRunner.TreeTest_POM@762637be]" started-at="2023-05-17T12:27:51 EDT" name="click_TypesOfBinaryTrees" finished-at="2023-05-17T12:28:00 EDT" duration-ms="9061" status="FAIL">
          <exception class="org.openqa.selenium.NoSuchElementException">
            <message>
              <![CDATA[no such element: Unable to locate element: {"method":"xpath","selector":"//a[@href='/tree/types-of-binary-trees/']"}
  (Session info: chrome=113.0.5672.93)
For documentation on this error, please visit: https://selenium.dev/exceptions/#no_such_element
Build info: version: '4.8.3', revision: 'e5e76298c3'
System info: os.name: 'Windows 11', os.arch: 'amd64', os.version: '10.0', java.version: '19.0.2'
Driver info: org.openqa.selenium.chrome.ChromeDriver
Command: [f723c1dc365735f33b5e14d6774225ef, findElement {using=xpath, value=//a[@href='/tree/types-of-binary-trees/']}]
Capabilities {acceptInsecureCerts: false, browserName: chrome, browserVersion: 113.0.5672.93, chrome: {chromedriverVersion: 113.0.5672.63 (0e1a4471d5ae..., userDataDir: C:\Users\Garima\AppData\Loc...}, goog:chromeOptions: {debuggerAddress: localhost:64922}, networkConnectionEnabled: false, pageLoadStrategy: normal, platformName: WINDOWS, proxy: Proxy(), se:cdp: ws://localhost:64922/devtoo..., se:cdpVersion: 113.0.5672.93, setWindowRect: true, strictFileInteractability: false, timeouts: {implicit: 0, pageLoad: 300000, script: 30000}, unhandledPromptBehavior: dismiss and notify, webauthn:extension:credBlob: true, webauthn:extension:largeBlob: true, webauthn:extension:minPinLength: true, webauthn:extension:prf: true, webauthn:virtualAuthenticators: true}
Session ID: f723c1dc365735f33b5e14d6774225ef]]>
            </message>
            <full-stacktrace>
              <![CDATA[org.openqa.selenium.NoSuchElementException: no such element: Unable to locate element: {"method":"xpath","selector":"//a[@href='/tree/types-of-binary-trees/']"}
  (Session info: chrome=113.0.5672.93)
For documentation on this error, please visit: https://selenium.dev/exceptions/#no_such_element
Build info: version: '4.8.3', revision: 'e5e76298c3'
System info: os.name: 'Windows 11', os.arch: 'amd64', os.version: '10.0', java.version: '19.0.2'
Driver info: org.openqa.selenium.chrome.ChromeDriver
Command: [f723c1dc365735f33b5e14d6774225ef, findElement {using=xpath, value=//a[@href='/tree/types-of-binary-trees/']}]
Capabilities {acceptInsecureCerts: false, browserName: chrome, browserVersion: 113.0.5672.93, chrome: {chromedriverVersion: 113.0.5672.63 (0e1a4471d5ae..., userDataDir: C:\Users\Garima\AppData\Loc...}, goog:chromeOptions: {debuggerAddress: localhost:64922}, networkConnectionEnabled: false, pageLoadStrategy: normal, platformName: WINDOWS, proxy: Proxy(), se:cdp: ws://localhost:64922/devtoo..., se:cdpVersion: 113.0.5672.93, setWindowRect: true, strictFileInteractability: false, timeouts: {implicit: 0, pageLoad: 300000, script: 30000}, unhandledPromptBehavior: dismiss and notify, webauthn:extension:credBlob: true, webauthn:extension:largeBlob: true, webauthn:extension:minPinLength: true, webauthn:extension:prf: true, webauthn:virtualAuthenticators: true}
Session ID: f723c1dc365735f33b5e14d6774225ef
at java.base/jdk.internal.reflect.DirectConstructorHandleAccessor.newInstance(DirectConstructorHandleAccessor.java:67)
at java.base/java.lang.reflect.Constructor.newInstanceWithCaller(Constructor.java:500)
at java.base/java.lang.reflect.Constructor.newInstance(Constructor.java:484)
at org.openqa.selenium.remote.codec.w3c.W3CHttpResponseCodec.createException(W3CHttpResponseCodec.java:200)
at org.openqa.selenium.remote.codec.w3c.W3CHttpResponseCodec.decode(W3CHttpResponseCodec.java:133)
at org.openqa.selenium.remote.codec.w3c.W3CHttpResponseCodec.decode(W3CHttpResponseCodec.java:53)
at org.openqa.selenium.remote.HttpCommandExecutor.execute(HttpCommandExecutor.java:193)
at org.openqa.selenium.remote.service.DriverCommandExecutor.invokeExecute(DriverCommandExecutor.java:183)
at org.openqa.selenium.remote.service.DriverCommandExecutor.execute(DriverCommandExecutor.java:158)
at org.openqa.selenium.remote.RemoteWebDriver.execute(RemoteWebDriver.java:543)
at org.openqa.selenium.remote.ElementLocation$ElementFinder$2.findElement(ElementLocation.java:162)
at org.openqa.selenium.remote.ElementLocation.findElement(ElementLocation.java:60)
at org.openqa.selenium.remote.RemoteWebDriver.findElement(RemoteWebDriver.java:352)
at org.openqa.selenium.remote.RemoteWebDriver.findElement(RemoteWebDriver.java:344)
at org.openqa.selenium.support.pagefactory.DefaultElementLocator.findElement(DefaultElementLocator.java:70)
at org.openqa.selenium.support.pagefactory.internal.LocatingElementHandler.invoke(LocatingElementHandler.java:39)
at jdk.proxy2/jdk.proxy2.$Proxy20.click(Unknown Source)
at pom.pageFactory.pageObject.TreePage.clickTypesOfBinaryTrees(TreePage.java:130)
at pom.pageFactory.testRunner.TreeTest_POM.click_TypesOfBinaryTrees(TreeTest_POM.java:134)
at java.base/jdk.internal.reflect.DirectMethodHandleAccessor.invoke(DirectMethodHandleAccessor.java:104)
at java.base/java.lang.reflect.Method.invoke(Method.java:578)
at org.testng.internal.invokers.MethodInvocationHelper.invokeMethod(MethodInvocationHelper.java:139)
at org.testng.internal.invokers.TestInvoker.invokeMethod(TestInvoker.java:677)
at org.testng.internal.invokers.TestInvoker.invokeTestMethod(TestInvoker.java:221)
at org.testng.internal.invokers.MethodRunner.runInSequence(MethodRunner.java:50)
at org.testng.internal.invokers.TestInvoker$MethodInvocationAgent.invoke(TestInvoker.java:969)
at org.testng.internal.invokers.TestInvoker.invokeTestMethods(TestInvoker.java:194)
at org.testng.internal.invokers.TestMethodWorker.invokeTestMethods(TestMethodWorker.java:148)
at org.testng.internal.invokers.TestMethodWorker.run(TestMethodWorker.java:128)
at java.base/java.util.ArrayList.forEach(ArrayList.java:1511)
at org.testng.TestRunner.privateRun(TestRunner.java:829)
at org.testng.TestRunner.run(TestRunner.java:602)
at org.testng.SuiteRunner.runTest(SuiteRunner.java:437)
at org.testng.SuiteRunner.runSequentially(SuiteRunner.java:431)
at org.testng.SuiteRunner.privateRun(SuiteRunner.java:391)
at org.testng.SuiteRunner.run(SuiteRunner.java:330)
at org.testng.SuiteRunnerWorker.runSuite(SuiteRunnerWorker.java:52)
at org.testng.SuiteRunnerWorker.run(SuiteRunnerWorker.java:95)
at org.testng.TestNG.runSuitesSequentially(TestNG.java:1256)
at org.testng.TestNG.runSuitesLocally(TestNG.java:1176)
at org.testng.TestNG.runSuites(TestNG.java:1099)
at org.testng.TestNG.run(TestNG.java:1067)
at org.testng.remote.AbstractRemoteTestNG.run(AbstractRemoteTestNG.java:115)
at org.testng.remote.RemoteTestNG.initAndRun(RemoteTestNG.java:251)
at org.testng.remote.RemoteTestNG.main(RemoteTestNG.java:77)
]]>
            </full-stacktrace>
          </exception> <!-- org.openqa.selenium.NoSuchElementException -->
          <reporter-output>
          </reporter-output>
        </test-method> <!-- click_TypesOfBinaryTrees -->
        <test-method signature="click_ImpInPython()[pri:19, instance:pom.pageFactory.testRunner.TreeTest_POM@762637be]" started-at="2023-05-17T12:28:00 EDT" name="click_ImpInPython" finished-at="2023-05-17T12:28:09 EDT" duration-ms="9092" status="FAIL">
          <exception class="org.openqa.selenium.NoSuchElementException">
            <message>
              <![CDATA[no such element: Unable to locate element: {"method":"xpath","selector":"//a[@href='/tree/implementation-in-python/']"}
  (Session info: chrome=113.0.5672.93)
For documentation on this error, please visit: https://selenium.dev/exceptions/#no_such_element
Build info: version: '4.8.3', revision: 'e5e76298c3'
System info: os.name: 'Windows 11', os.arch: 'amd64', os.version: '10.0', java.version: '19.0.2'
Driver info: org.openqa.selenium.chrome.ChromeDriver
Command: [f723c1dc365735f33b5e14d6774225ef, findElement {using=xpath, value=//a[@href='/tree/implementation-in-python/']}]
Capabilities {acceptInsecureCerts: false, browserName: chrome, browserVersion: 113.0.5672.93, chrome: {chromedriverVersion: 113.0.5672.63 (0e1a4471d5ae..., userDataDir: C:\Users\Garima\AppData\Loc...}, goog:chromeOptions: {debuggerAddress: localhost:64922}, networkConnectionEnabled: false, pageLoadStrategy: normal, platformName: WINDOWS, proxy: Proxy(), se:cdp: ws://localhost:64922/devtoo..., se:cdpVersion: 113.0.5672.93, setWindowRect: true, strictFileInteractability: false, timeouts: {implicit: 0, pageLoad: 300000, script: 30000}, unhandledPromptBehavior: dismiss and notify, webauthn:extension:credBlob: true, webauthn:extension:largeBlob: true, webauthn:extension:minPinLength: true, webauthn:extension:prf: true, webauthn:virtualAuthenticators: true}
Session ID: f723c1dc365735f33b5e14d6774225ef]]>
            </message>
            <full-stacktrace>
              <![CDATA[org.openqa.selenium.NoSuchElementException: no such element: Unable to locate element: {"method":"xpath","selector":"//a[@href='/tree/implementation-in-python/']"}
  (Session info: chrome=113.0.5672.93)
For documentation on this error, please visit: https://selenium.dev/exceptions/#no_such_element
Build info: version: '4.8.3', revision: 'e5e76298c3'
System info: os.name: 'Windows 11', os.arch: 'amd64', os.version: '10.0', java.version: '19.0.2'
Driver info: org.openqa.selenium.chrome.ChromeDriver
Command: [f723c1dc365735f33b5e14d6774225ef, findElement {using=xpath, value=//a[@href='/tree/implementation-in-python/']}]
Capabilities {acceptInsecureCerts: false, browserName: chrome, browserVersion: 113.0.5672.93, chrome: {chromedriverVersion: 113.0.5672.63 (0e1a4471d5ae..., userDataDir: C:\Users\Garima\AppData\Loc...}, goog:chromeOptions: {debuggerAddress: localhost:64922}, networkConnectionEnabled: false, pageLoadStrategy: normal, platformName: WINDOWS, proxy: Proxy(), se:cdp: ws://localhost:64922/devtoo..., se:cdpVersion: 113.0.5672.93, setWindowRect: true, strictFileInteractability: false, timeouts: {implicit: 0, pageLoad: 300000, script: 30000}, unhandledPromptBehavior: dismiss and notify, webauthn:extension:credBlob: true, webauthn:extension:largeBlob: true, webauthn:extension:minPinLength: true, webauthn:extension:prf: true, webauthn:virtualAuthenticators: true}
Session ID: f723c1dc365735f33b5e14d6774225ef
at java.base/jdk.internal.reflect.DirectConstructorHandleAccessor.newInstance(DirectConstructorHandleAccessor.java:67)
at java.base/java.lang.reflect.Constructor.newInstanceWithCaller(Constructor.java:500)
at java.base/java.lang.reflect.Constructor.newInstance(Constructor.java:484)
at org.openqa.selenium.remote.codec.w3c.W3CHttpResponseCodec.createException(W3CHttpResponseCodec.java:200)
at org.openqa.selenium.remote.codec.w3c.W3CHttpResponseCodec.decode(W3CHttpResponseCodec.java:133)
at org.openqa.selenium.remote.codec.w3c.W3CHttpResponseCodec.decode(W3CHttpResponseCodec.java:53)
at org.openqa.selenium.remote.HttpCommandExecutor.execute(HttpCommandExecutor.java:193)
at org.openqa.selenium.remote.service.DriverCommandExecutor.invokeExecute(DriverCommandExecutor.java:183)
at org.openqa.selenium.remote.service.DriverCommandExecutor.execute(DriverCommandExecutor.java:158)
at org.openqa.selenium.remote.RemoteWebDriver.execute(RemoteWebDriver.java:543)
at org.openqa.selenium.remote.ElementLocation$ElementFinder$2.findElement(ElementLocation.java:162)
at org.openqa.selenium.remote.ElementLocation.findElement(ElementLocation.java:60)
at org.openqa.selenium.remote.RemoteWebDriver.findElement(RemoteWebDriver.java:352)
at org.openqa.selenium.remote.RemoteWebDriver.findElement(RemoteWebDriver.java:344)
at org.openqa.selenium.support.pagefactory.DefaultElementLocator.findElement(DefaultElementLocator.java:70)
at org.openqa.selenium.support.pagefactory.internal.LocatingElementHandler.invoke(LocatingElementHandler.java:39)
at jdk.proxy2/jdk.proxy2.$Proxy20.click(Unknown Source)
at pom.pageFactory.pageObject.TreePage.clickImpInPython(TreePage.java:135)
at pom.pageFactory.testRunner.TreeTest_POM.click_ImpInPython(TreeTest_POM.java:145)
at java.base/jdk.internal.reflect.DirectMethodHandleAccessor.invoke(DirectMethodHandleAccessor.java:104)
at java.base/java.lang.reflect.Method.invoke(Method.java:578)
at org.testng.internal.invokers.MethodInvocationHelper.invokeMethod(MethodInvocationHelper.java:139)
at org.testng.internal.invokers.TestInvoker.invokeMethod(TestInvoker.java:677)
at org.testng.internal.invokers.TestInvoker.invokeTestMethod(TestInvoker.java:221)
at org.testng.internal.invokers.MethodRunner.runInSequence(MethodRunner.java:50)
at org.testng.internal.invokers.TestInvoker$MethodInvocationAgent.invoke(TestInvoker.java:969)
at org.testng.internal.invokers.TestInvoker.invokeTestMethods(TestInvoker.java:194)
at org.testng.internal.invokers.TestMethodWorker.invokeTestMethods(TestMethodWorker.java:148)
at org.testng.internal.invokers.TestMethodWorker.run(TestMethodWorker.java:128)
at java.base/java.util.ArrayList.forEach(ArrayList.java:1511)
at org.testng.TestRunner.privateRun(TestRunner.java:829)
at org.testng.TestRunner.run(TestRunner.java:602)
at org.testng.SuiteRunner.runTest(SuiteRunner.java:437)
at org.testng.SuiteRunner.runSequentially(SuiteRunner.java:431)
at org.testng.SuiteRunner.privateRun(SuiteRunner.java:391)
at org.testng.SuiteRunner.run(SuiteRunner.java:330)
at org.testng.SuiteRunnerWorker.runSuite(SuiteRunnerWorker.java:52)
at org.testng.SuiteRunnerWorker.run(SuiteRunnerWorker.java:95)
at org.testng.TestNG.runSuitesSequentially(TestNG.java:1256)
at org.testng.TestNG.runSuitesLocally(TestNG.java:1176)
at org.testng.TestNG.runSuites(TestNG.java:1099)
at org.testng.TestNG.run(TestNG.java:1067)
at org.testng.remote.AbstractRemoteTestNG.run(AbstractRemoteTestNG.java:115)
at org.testng.remote.RemoteTestNG.initAndRun(RemoteTestNG.java:251)
at org.testng.remote.RemoteTestNG.main(RemoteTestNG.java:77)
]]>
            </full-stacktrace>
          </exception> <!-- org.openqa.selenium.NoSuchElementException -->
          <reporter-output>
          </reporter-output>
        </test-method> <!-- click_ImpInPython -->
        <test-method signature="click_BinaryTreeTravesals()[pri:21, instance:pom.pageFactory.testRunner.TreeTest_POM@762637be]" started-at="2023-05-17T12:28:09 EDT" name="click_BinaryTreeTravesals" finished-at="2023-05-17T12:28:18 EDT" duration-ms="9068" status="FAIL">
          <exception class="org.openqa.selenium.NoSuchElementException">
            <message>
              <![CDATA[no such element: Unable to locate element: {"method":"xpath","selector":"//a[@href='/tree/binary-tree-traversals/']"}
  (Session info: chrome=113.0.5672.93)
For documentation on this error, please visit: https://selenium.dev/exceptions/#no_such_element
Build info: version: '4.8.3', revision: 'e5e76298c3'
System info: os.name: 'Windows 11', os.arch: 'amd64', os.version: '10.0', java.version: '19.0.2'
Driver info: org.openqa.selenium.chrome.ChromeDriver
Command: [f723c1dc365735f33b5e14d6774225ef, findElement {using=xpath, value=//a[@href='/tree/binary-tree-traversals/']}]
Capabilities {acceptInsecureCerts: false, browserName: chrome, browserVersion: 113.0.5672.93, chrome: {chromedriverVersion: 113.0.5672.63 (0e1a4471d5ae..., userDataDir: C:\Users\Garima\AppData\Loc...}, goog:chromeOptions: {debuggerAddress: localhost:64922}, networkConnectionEnabled: false, pageLoadStrategy: normal, platformName: WINDOWS, proxy: Proxy(), se:cdp: ws://localhost:64922/devtoo..., se:cdpVersion: 113.0.5672.93, setWindowRect: true, strictFileInteractability: false, timeouts: {implicit: 0, pageLoad: 300000, script: 30000}, unhandledPromptBehavior: dismiss and notify, webauthn:extension:credBlob: true, webauthn:extension:largeBlob: true, webauthn:extension:minPinLength: true, webauthn:extension:prf: true, webauthn:virtualAuthenticators: true}
Session ID: f723c1dc365735f33b5e14d6774225ef]]>
            </message>
            <full-stacktrace>
              <![CDATA[org.openqa.selenium.NoSuchElementException: no such element: Unable to locate element: {"method":"xpath","selector":"//a[@href='/tree/binary-tree-traversals/']"}
  (Session info: chrome=113.0.5672.93)
For documentation on this error, please visit: https://selenium.dev/exceptions/#no_such_element
Build info: version: '4.8.3', revision: 'e5e76298c3'
System info: os.name: 'Windows 11', os.arch: 'amd64', os.version: '10.0', java.version: '19.0.2'
Driver info: org.openqa.selenium.chrome.ChromeDriver
Command: [f723c1dc365735f33b5e14d6774225ef, findElement {using=xpath, value=//a[@href='/tree/binary-tree-traversals/']}]
Capabilities {acceptInsecureCerts: false, browserName: chrome, browserVersion: 113.0.5672.93, chrome: {chromedriverVersion: 113.0.5672.63 (0e1a4471d5ae..., userDataDir: C:\Users\Garima\AppData\Loc...}, goog:chromeOptions: {debuggerAddress: localhost:64922}, networkConnectionEnabled: false, pageLoadStrategy: normal, platformName: WINDOWS, proxy: Proxy(), se:cdp: ws://localhost:64922/devtoo..., se:cdpVersion: 113.0.5672.93, setWindowRect: true, strictFileInteractability: false, timeouts: {implicit: 0, pageLoad: 300000, script: 30000}, unhandledPromptBehavior: dismiss and notify, webauthn:extension:credBlob: true, webauthn:extension:largeBlob: true, webauthn:extension:minPinLength: true, webauthn:extension:prf: true, webauthn:virtualAuthenticators: true}
Session ID: f723c1dc365735f33b5e14d6774225ef
at java.base/jdk.internal.reflect.DirectConstructorHandleAccessor.newInstance(DirectConstructorHandleAccessor.java:67)
at java.base/java.lang.reflect.Constructor.newInstanceWithCaller(Constructor.java:500)
at java.base/java.lang.reflect.Constructor.newInstance(Constructor.java:484)
at org.openqa.selenium.remote.codec.w3c.W3CHttpResponseCodec.createException(W3CHttpResponseCodec.java:200)
at org.openqa.selenium.remote.codec.w3c.W3CHttpResponseCodec.decode(W3CHttpResponseCodec.java:133)
at org.openqa.selenium.remote.codec.w3c.W3CHttpResponseCodec.decode(W3CHttpResponseCodec.java:53)
at org.openqa.selenium.remote.HttpCommandExecutor.execute(HttpCommandExecutor.java:193)
at org.openqa.selenium.remote.service.DriverCommandExecutor.invokeExecute(DriverCommandExecutor.java:183)
at org.openqa.selenium.remote.service.DriverCommandExecutor.execute(DriverCommandExecutor.java:158)
at org.openqa.selenium.remote.RemoteWebDriver.execute(RemoteWebDriver.java:543)
at org.openqa.selenium.remote.ElementLocation$ElementFinder$2.findElement(ElementLocation.java:162)
at org.openqa.selenium.remote.ElementLocation.findElement(ElementLocation.java:60)
at org.openqa.selenium.remote.RemoteWebDriver.findElement(RemoteWebDriver.java:352)
at org.openqa.selenium.remote.RemoteWebDriver.findElement(RemoteWebDriver.java:344)
at org.openqa.selenium.support.pagefactory.DefaultElementLocator.findElement(DefaultElementLocator.java:70)
at org.openqa.selenium.support.pagefactory.internal.LocatingElementHandler.invoke(LocatingElementHandler.java:39)
at jdk.proxy2/jdk.proxy2.$Proxy20.click(Unknown Source)
at pom.pageFactory.pageObject.TreePage.clickBinaryTreeTravesals(TreePage.java:140)
at pom.pageFactory.testRunner.TreeTest_POM.click_BinaryTreeTravesals(TreeTest_POM.java:155)
at java.base/jdk.internal.reflect.DirectMethodHandleAccessor.invoke(DirectMethodHandleAccessor.java:104)
at java.base/java.lang.reflect.Method.invoke(Method.java:578)
at org.testng.internal.invokers.MethodInvocationHelper.invokeMethod(MethodInvocationHelper.java:139)
at org.testng.internal.invokers.TestInvoker.invokeMethod(TestInvoker.java:677)
at org.testng.internal.invokers.TestInvoker.invokeTestMethod(TestInvoker.java:221)
at org.testng.internal.invokers.MethodRunner.runInSequence(MethodRunner.java:50)
at org.testng.internal.invokers.TestInvoker$MethodInvocationAgent.invoke(TestInvoker.java:969)
at org.testng.internal.invokers.TestInvoker.invokeTestMethods(TestInvoker.java:194)
at org.testng.internal.invokers.TestMethodWorker.invokeTestMethods(TestMethodWorker.java:148)
at org.testng.internal.invokers.TestMethodWorker.run(TestMethodWorker.java:128)
at java.base/java.util.ArrayList.forEach(ArrayList.java:1511)
at org.testng.TestRunner.privateRun(TestRunner.java:829)
at org.testng.TestRunner.run(TestRunner.java:602)
at org.testng.SuiteRunner.runTest(SuiteRunner.java:437)
at org.testng.SuiteRunner.runSequentially(SuiteRunner.java:431)
at org.testng.SuiteRunner.privateRun(SuiteRunner.java:391)
at org.testng.SuiteRunner.run(SuiteRunner.java:330)
at org.testng.SuiteRunnerWorker.runSuite(SuiteRunnerWorker.java:52)
at org.testng.SuiteRunnerWorker.run(SuiteRunnerWorker.java:95)
at org.testng.TestNG.runSuitesSequentially(TestNG.java:1256)
at org.testng.TestNG.runSuitesLocally(TestNG.java:1176)
at org.testng.TestNG.runSuites(TestNG.java:1099)
at org.testng.TestNG.run(TestNG.java:1067)
at org.testng.remote.AbstractRemoteTestNG.run(AbstractRemoteTestNG.java:115)
at org.testng.remote.RemoteTestNG.initAndRun(RemoteTestNG.java:251)
at org.testng.remote.RemoteTestNG.main(RemoteTestNG.java:77)
]]>
            </full-stacktrace>
          </exception> <!-- org.openqa.selenium.NoSuchElementException -->
          <reporter-output>
          </reporter-output>
        </test-method> <!-- click_BinaryTreeTravesals -->
        <test-method signature="click_ImpOfBinaryTrees()[pri:23, instance:pom.pageFactory.testRunner.TreeTest_POM@762637be]" started-at="2023-05-17T12:28:18 EDT" name="click_ImpOfBinaryTrees" finished-at="2023-05-17T12:28:27 EDT" duration-ms="9058" status="FAIL">
          <exception class="org.openqa.selenium.NoSuchElementException">
            <message>
              <![CDATA[no such element: Unable to locate element: {"method":"xpath","selector":"//a[@href='/tree/implementation-of-binary-trees/']"}
  (Session info: chrome=113.0.5672.93)
For documentation on this error, please visit: https://selenium.dev/exceptions/#no_such_element
Build info: version: '4.8.3', revision: 'e5e76298c3'
System info: os.name: 'Windows 11', os.arch: 'amd64', os.version: '10.0', java.version: '19.0.2'
Driver info: org.openqa.selenium.chrome.ChromeDriver
Command: [f723c1dc365735f33b5e14d6774225ef, findElement {using=xpath, value=//a[@href='/tree/implementation-of-binary-trees/']}]
Capabilities {acceptInsecureCerts: false, browserName: chrome, browserVersion: 113.0.5672.93, chrome: {chromedriverVersion: 113.0.5672.63 (0e1a4471d5ae..., userDataDir: C:\Users\Garima\AppData\Loc...}, goog:chromeOptions: {debuggerAddress: localhost:64922}, networkConnectionEnabled: false, pageLoadStrategy: normal, platformName: WINDOWS, proxy: Proxy(), se:cdp: ws://localhost:64922/devtoo..., se:cdpVersion: 113.0.5672.93, setWindowRect: true, strictFileInteractability: false, timeouts: {implicit: 0, pageLoad: 300000, script: 30000}, unhandledPromptBehavior: dismiss and notify, webauthn:extension:credBlob: true, webauthn:extension:largeBlob: true, webauthn:extension:minPinLength: true, webauthn:extension:prf: true, webauthn:virtualAuthenticators: true}
Session ID: f723c1dc365735f33b5e14d6774225ef]]>
            </message>
            <full-stacktrace>
              <![CDATA[org.openqa.selenium.NoSuchElementException: no such element: Unable to locate element: {"method":"xpath","selector":"//a[@href='/tree/implementation-of-binary-trees/']"}
  (Session info: chrome=113.0.5672.93)
For documentation on this error, please visit: https://selenium.dev/exceptions/#no_such_element
Build info: version: '4.8.3', revision: 'e5e76298c3'
System info: os.name: 'Windows 11', os.arch: 'amd64', os.version: '10.0', java.version: '19.0.2'
Driver info: org.openqa.selenium.chrome.ChromeDriver
Command: [f723c1dc365735f33b5e14d6774225ef, findElement {using=xpath, value=//a[@href='/tree/implementation-of-binary-trees/']}]
Capabilities {acceptInsecureCerts: false, browserName: chrome, browserVersion: 113.0.5672.93, chrome: {chromedriverVersion: 113.0.5672.63 (0e1a4471d5ae..., userDataDir: C:\Users\Garima\AppData\Loc...}, goog:chromeOptions: {debuggerAddress: localhost:64922}, networkConnectionEnabled: false, pageLoadStrategy: normal, platformName: WINDOWS, proxy: Proxy(), se:cdp: ws://localhost:64922/devtoo..., se:cdpVersion: 113.0.5672.93, setWindowRect: true, strictFileInteractability: false, timeouts: {implicit: 0, pageLoad: 300000, script: 30000}, unhandledPromptBehavior: dismiss and notify, webauthn:extension:credBlob: true, webauthn:extension:largeBlob: true, webauthn:extension:minPinLength: true, webauthn:extension:prf: true, webauthn:virtualAuthenticators: true}
Session ID: f723c1dc365735f33b5e14d6774225ef
at java.base/jdk.internal.reflect.DirectConstructorHandleAccessor.newInstance(DirectConstructorHandleAccessor.java:67)
at java.base/java.lang.reflect.Constructor.newInstanceWithCaller(Constructor.java:500)
at java.base/java.lang.reflect.Constructor.newInstance(Constructor.java:484)
at org.openqa.selenium.remote.codec.w3c.W3CHttpResponseCodec.createException(W3CHttpResponseCodec.java:200)
at org.openqa.selenium.remote.codec.w3c.W3CHttpResponseCodec.decode(W3CHttpResponseCodec.java:133)
at org.openqa.selenium.remote.codec.w3c.W3CHttpResponseCodec.decode(W3CHttpResponseCodec.java:53)
at org.openqa.selenium.remote.HttpCommandExecutor.execute(HttpCommandExecutor.java:193)
at org.openqa.selenium.remote.service.DriverCommandExecutor.invokeExecute(DriverCommandExecutor.java:183)
at org.openqa.selenium.remote.service.DriverCommandExecutor.execute(DriverCommandExecutor.java:158)
at org.openqa.selenium.remote.RemoteWebDriver.execute(RemoteWebDriver.java:543)
at org.openqa.selenium.remote.ElementLocation$ElementFinder$2.findElement(ElementLocation.java:162)
at org.openqa.selenium.remote.ElementLocation.findElement(ElementLocation.java:60)
at org.openqa.selenium.remote.RemoteWebDriver.findElement(RemoteWebDriver.java:352)
at org.openqa.selenium.remote.RemoteWebDriver.findElement(RemoteWebDriver.java:344)
at org.openqa.selenium.support.pagefactory.DefaultElementLocator.findElement(DefaultElementLocator.java:70)
at org.openqa.selenium.support.pagefactory.internal.LocatingElementHandler.invoke(LocatingElementHandler.java:39)
at jdk.proxy2/jdk.proxy2.$Proxy20.click(Unknown Source)
at pom.pageFactory.pageObject.TreePage.clickImpOfBinaryTrees(TreePage.java:145)
at pom.pageFactory.testRunner.TreeTest_POM.click_ImpOfBinaryTrees(TreeTest_POM.java:165)
at java.base/jdk.internal.reflect.DirectMethodHandleAccessor.invoke(DirectMethodHandleAccessor.java:104)
at java.base/java.lang.reflect.Method.invoke(Method.java:578)
at org.testng.internal.invokers.MethodInvocationHelper.invokeMethod(MethodInvocationHelper.java:139)
at org.testng.internal.invokers.TestInvoker.invokeMethod(TestInvoker.java:677)
at org.testng.internal.invokers.TestInvoker.invokeTestMethod(TestInvoker.java:221)
at org.testng.internal.invokers.MethodRunner.runInSequence(MethodRunner.java:50)
at org.testng.internal.invokers.TestInvoker$MethodInvocationAgent.invoke(TestInvoker.java:969)
at org.testng.internal.invokers.TestInvoker.invokeTestMethods(TestInvoker.java:194)
at org.testng.internal.invokers.TestMethodWorker.invokeTestMethods(TestMethodWorker.java:148)
at org.testng.internal.invokers.TestMethodWorker.run(TestMethodWorker.java:128)
at java.base/java.util.ArrayList.forEach(ArrayList.java:1511)
at org.testng.TestRunner.privateRun(TestRunner.java:829)
at org.testng.TestRunner.run(TestRunner.java:602)
at org.testng.SuiteRunner.runTest(SuiteRunner.java:437)
at org.testng.SuiteRunner.runSequentially(SuiteRunner.java:431)
at org.testng.SuiteRunner.privateRun(SuiteRunner.java:391)
at org.testng.SuiteRunner.run(SuiteRunner.java:330)
at org.testng.SuiteRunnerWorker.runSuite(SuiteRunnerWorker.java:52)
at org.testng.SuiteRunnerWorker.run(SuiteRunnerWorker.java:95)
at org.testng.TestNG.runSuitesSequentially(TestNG.java:1256)
at org.testng.TestNG.runSuitesLocally(TestNG.java:1176)
at org.testng.TestNG.runSuites(TestNG.java:1099)
at org.testng.TestNG.run(TestNG.java:1067)
at org.testng.remote.AbstractRemoteTestNG.run(AbstractRemoteTestNG.java:115)
at org.testng.remote.RemoteTestNG.initAndRun(RemoteTestNG.java:251)
at org.testng.remote.RemoteTestNG.main(RemoteTestNG.java:77)
]]>
            </full-stacktrace>
          </exception> <!-- org.openqa.selenium.NoSuchElementException -->
          <reporter-output>
          </reporter-output>
        </test-method> <!-- click_ImpOfBinaryTrees -->
        <test-method signature="click_AppOfBinaryTrees()[pri:25, instance:pom.pageFactory.testRunner.TreeTest_POM@762637be]" started-at="2023-05-17T12:28:27 EDT" name="click_AppOfBinaryTrees" finished-at="2023-05-17T12:28:36 EDT" duration-ms="9039" status="FAIL">
          <exception class="org.openqa.selenium.NoSuchElementException">
            <message>
              <![CDATA[no such element: Unable to locate element: {"method":"xpath","selector":"//a[@href='/tree/applications-of-binary-trees/']"}
  (Session info: chrome=113.0.5672.93)
For documentation on this error, please visit: https://selenium.dev/exceptions/#no_such_element
Build info: version: '4.8.3', revision: 'e5e76298c3'
System info: os.name: 'Windows 11', os.arch: 'amd64', os.version: '10.0', java.version: '19.0.2'
Driver info: org.openqa.selenium.chrome.ChromeDriver
Command: [f723c1dc365735f33b5e14d6774225ef, findElement {using=xpath, value=//a[@href='/tree/applications-of-binary-trees/']}]
Capabilities {acceptInsecureCerts: false, browserName: chrome, browserVersion: 113.0.5672.93, chrome: {chromedriverVersion: 113.0.5672.63 (0e1a4471d5ae..., userDataDir: C:\Users\Garima\AppData\Loc...}, goog:chromeOptions: {debuggerAddress: localhost:64922}, networkConnectionEnabled: false, pageLoadStrategy: normal, platformName: WINDOWS, proxy: Proxy(), se:cdp: ws://localhost:64922/devtoo..., se:cdpVersion: 113.0.5672.93, setWindowRect: true, strictFileInteractability: false, timeouts: {implicit: 0, pageLoad: 300000, script: 30000}, unhandledPromptBehavior: dismiss and notify, webauthn:extension:credBlob: true, webauthn:extension:largeBlob: true, webauthn:extension:minPinLength: true, webauthn:extension:prf: true, webauthn:virtualAuthenticators: true}
Session ID: f723c1dc365735f33b5e14d6774225ef]]>
            </message>
            <full-stacktrace>
              <![CDATA[org.openqa.selenium.NoSuchElementException: no such element: Unable to locate element: {"method":"xpath","selector":"//a[@href='/tree/applications-of-binary-trees/']"}
  (Session info: chrome=113.0.5672.93)
For documentation on this error, please visit: https://selenium.dev/exceptions/#no_such_element
Build info: version: '4.8.3', revision: 'e5e76298c3'
System info: os.name: 'Windows 11', os.arch: 'amd64', os.version: '10.0', java.version: '19.0.2'
Driver info: org.openqa.selenium.chrome.ChromeDriver
Command: [f723c1dc365735f33b5e14d6774225ef, findElement {using=xpath, value=//a[@href='/tree/applications-of-binary-trees/']}]
Capabilities {acceptInsecureCerts: false, browserName: chrome, browserVersion: 113.0.5672.93, chrome: {chromedriverVersion: 113.0.5672.63 (0e1a4471d5ae..., userDataDir: C:\Users\Garima\AppData\Loc...}, goog:chromeOptions: {debuggerAddress: localhost:64922}, networkConnectionEnabled: false, pageLoadStrategy: normal, platformName: WINDOWS, proxy: Proxy(), se:cdp: ws://localhost:64922/devtoo..., se:cdpVersion: 113.0.5672.93, setWindowRect: true, strictFileInteractability: false, timeouts: {implicit: 0, pageLoad: 300000, script: 30000}, unhandledPromptBehavior: dismiss and notify, webauthn:extension:credBlob: true, webauthn:extension:largeBlob: true, webauthn:extension:minPinLength: true, webauthn:extension:prf: true, webauthn:virtualAuthenticators: true}
Session ID: f723c1dc365735f33b5e14d6774225ef
at java.base/jdk.internal.reflect.DirectConstructorHandleAccessor.newInstance(DirectConstructorHandleAccessor.java:67)
at java.base/java.lang.reflect.Constructor.newInstanceWithCaller(Constructor.java:500)
at java.base/java.lang.reflect.Constructor.newInstance(Constructor.java:484)
at org.openqa.selenium.remote.codec.w3c.W3CHttpResponseCodec.createException(W3CHttpResponseCodec.java:200)
at org.openqa.selenium.remote.codec.w3c.W3CHttpResponseCodec.decode(W3CHttpResponseCodec.java:133)
at org.openqa.selenium.remote.codec.w3c.W3CHttpResponseCodec.decode(W3CHttpResponseCodec.java:53)
at org.openqa.selenium.remote.HttpCommandExecutor.execute(HttpCommandExecutor.java:193)
at org.openqa.selenium.remote.service.DriverCommandExecutor.invokeExecute(DriverCommandExecutor.java:183)
at org.openqa.selenium.remote.service.DriverCommandExecutor.execute(DriverCommandExecutor.java:158)
at org.openqa.selenium.remote.RemoteWebDriver.execute(RemoteWebDriver.java:543)
at org.openqa.selenium.remote.ElementLocation$ElementFinder$2.findElement(ElementLocation.java:162)
at org.openqa.selenium.remote.ElementLocation.findElement(ElementLocation.java:60)
at org.openqa.selenium.remote.RemoteWebDriver.findElement(RemoteWebDriver.java:352)
at org.openqa.selenium.remote.RemoteWebDriver.findElement(RemoteWebDriver.java:344)
at org.openqa.selenium.support.pagefactory.DefaultElementLocator.findElement(DefaultElementLocator.java:70)
at org.openqa.selenium.support.pagefactory.internal.LocatingElementHandler.invoke(LocatingElementHandler.java:39)
at jdk.proxy2/jdk.proxy2.$Proxy20.click(Unknown Source)
at pom.pageFactory.pageObject.TreePage.clickAppOfBinaryTrees(TreePage.java:150)
at pom.pageFactory.testRunner.TreeTest_POM.click_AppOfBinaryTrees(TreeTest_POM.java:175)
at java.base/jdk.internal.reflect.DirectMethodHandleAccessor.invoke(DirectMethodHandleAccessor.java:104)
at java.base/java.lang.reflect.Method.invoke(Method.java:578)
at org.testng.internal.invokers.MethodInvocationHelper.invokeMethod(MethodInvocationHelper.java:139)
at org.testng.internal.invokers.TestInvoker.invokeMethod(TestInvoker.java:677)
at org.testng.internal.invokers.TestInvoker.invokeTestMethod(TestInvoker.java:221)
at org.testng.internal.invokers.MethodRunner.runInSequence(MethodRunner.java:50)
at org.testng.internal.invokers.TestInvoker$MethodInvocationAgent.invoke(TestInvoker.java:969)
at org.testng.internal.invokers.TestInvoker.invokeTestMethods(TestInvoker.java:194)
at org.testng.internal.invokers.TestMethodWorker.invokeTestMethods(TestMethodWorker.java:148)
at org.testng.internal.invokers.TestMethodWorker.run(TestMethodWorker.java:128)
at java.base/java.util.ArrayList.forEach(ArrayList.java:1511)
at org.testng.TestRunner.privateRun(TestRunner.java:829)
at org.testng.TestRunner.run(TestRunner.java:602)
at org.testng.SuiteRunner.runTest(SuiteRunner.java:437)
at org.testng.SuiteRunner.runSequentially(SuiteRunner.java:431)
at org.testng.SuiteRunner.privateRun(SuiteRunner.java:391)
at org.testng.SuiteRunner.run(SuiteRunner.java:330)
at org.testng.SuiteRunnerWorker.runSuite(SuiteRunnerWorker.java:52)
at org.testng.SuiteRunnerWorker.run(SuiteRunnerWorker.java:95)
at org.testng.TestNG.runSuitesSequentially(TestNG.java:1256)
at org.testng.TestNG.runSuitesLocally(TestNG.java:1176)
at org.testng.TestNG.runSuites(TestNG.java:1099)
at org.testng.TestNG.run(TestNG.java:1067)
at org.testng.remote.AbstractRemoteTestNG.run(AbstractRemoteTestNG.java:115)
at org.testng.remote.RemoteTestNG.initAndRun(RemoteTestNG.java:251)
at org.testng.remote.RemoteTestNG.main(RemoteTestNG.java:77)
]]>
            </full-stacktrace>
          </exception> <!-- org.openqa.selenium.NoSuchElementException -->
          <reporter-output>
          </reporter-output>
        </test-method> <!-- click_AppOfBinaryTrees -->
        <test-method signature="click_BinarySearchTrees()[pri:27, instance:pom.pageFactory.testRunner.TreeTest_POM@762637be]" started-at="2023-05-17T12:28:36 EDT" name="click_BinarySearchTrees" finished-at="2023-05-17T12:28:45 EDT" duration-ms="9071" status="FAIL">
          <exception class="org.openqa.selenium.NoSuchElementException">
            <message>
              <![CDATA[no such element: Unable to locate element: {"method":"xpath","selector":"//a[@href='/tree/binary-search-trees/']"}
  (Session info: chrome=113.0.5672.93)
For documentation on this error, please visit: https://selenium.dev/exceptions/#no_such_element
Build info: version: '4.8.3', revision: 'e5e76298c3'
System info: os.name: 'Windows 11', os.arch: 'amd64', os.version: '10.0', java.version: '19.0.2'
Driver info: org.openqa.selenium.chrome.ChromeDriver
Command: [f723c1dc365735f33b5e14d6774225ef, findElement {using=xpath, value=//a[@href='/tree/binary-search-trees/']}]
Capabilities {acceptInsecureCerts: false, browserName: chrome, browserVersion: 113.0.5672.93, chrome: {chromedriverVersion: 113.0.5672.63 (0e1a4471d5ae..., userDataDir: C:\Users\Garima\AppData\Loc...}, goog:chromeOptions: {debuggerAddress: localhost:64922}, networkConnectionEnabled: false, pageLoadStrategy: normal, platformName: WINDOWS, proxy: Proxy(), se:cdp: ws://localhost:64922/devtoo..., se:cdpVersion: 113.0.5672.93, setWindowRect: true, strictFileInteractability: false, timeouts: {implicit: 0, pageLoad: 300000, script: 30000}, unhandledPromptBehavior: dismiss and notify, webauthn:extension:credBlob: true, webauthn:extension:largeBlob: true, webauthn:extension:minPinLength: true, webauthn:extension:prf: true, webauthn:virtualAuthenticators: true}
Session ID: f723c1dc365735f33b5e14d6774225ef]]>
            </message>
            <full-stacktrace>
              <![CDATA[org.openqa.selenium.NoSuchElementException: no such element: Unable to locate element: {"method":"xpath","selector":"//a[@href='/tree/binary-search-trees/']"}
  (Session info: chrome=113.0.5672.93)
For documentation on this error, please visit: https://selenium.dev/exceptions/#no_such_element
Build info: version: '4.8.3', revision: 'e5e76298c3'
System info: os.name: 'Windows 11', os.arch: 'amd64', os.version: '10.0', java.version: '19.0.2'
Driver info: org.openqa.selenium.chrome.ChromeDriver
Command: [f723c1dc365735f33b5e14d6774225ef, findElement {using=xpath, value=//a[@href='/tree/binary-search-trees/']}]
Capabilities {acceptInsecureCerts: false, browserName: chrome, browserVersion: 113.0.5672.93, chrome: {chromedriverVersion: 113.0.5672.63 (0e1a4471d5ae..., userDataDir: C:\Users\Garima\AppData\Loc...}, goog:chromeOptions: {debuggerAddress: localhost:64922}, networkConnectionEnabled: false, pageLoadStrategy: normal, platformName: WINDOWS, proxy: Proxy(), se:cdp: ws://localhost:64922/devtoo..., se:cdpVersion: 113.0.5672.93, setWindowRect: true, strictFileInteractability: false, timeouts: {implicit: 0, pageLoad: 300000, script: 30000}, unhandledPromptBehavior: dismiss and notify, webauthn:extension:credBlob: true, webauthn:extension:largeBlob: true, webauthn:extension:minPinLength: true, webauthn:extension:prf: true, webauthn:virtualAuthenticators: true}
Session ID: f723c1dc365735f33b5e14d6774225ef
at java.base/jdk.internal.reflect.DirectConstructorHandleAccessor.newInstance(DirectConstructorHandleAccessor.java:67)
at java.base/java.lang.reflect.Constructor.newInstanceWithCaller(Constructor.java:500)
at java.base/java.lang.reflect.Constructor.newInstance(Constructor.java:484)
at org.openqa.selenium.remote.codec.w3c.W3CHttpResponseCodec.createException(W3CHttpResponseCodec.java:200)
at org.openqa.selenium.remote.codec.w3c.W3CHttpResponseCodec.decode(W3CHttpResponseCodec.java:133)
at org.openqa.selenium.remote.codec.w3c.W3CHttpResponseCodec.decode(W3CHttpResponseCodec.java:53)
at org.openqa.selenium.remote.HttpCommandExecutor.execute(HttpCommandExecutor.java:193)
at org.openqa.selenium.remote.service.DriverCommandExecutor.invokeExecute(DriverCommandExecutor.java:183)
at org.openqa.selenium.remote.service.DriverCommandExecutor.execute(DriverCommandExecutor.java:158)
at org.openqa.selenium.remote.RemoteWebDriver.execute(RemoteWebDriver.java:543)
at org.openqa.selenium.remote.ElementLocation$ElementFinder$2.findElement(ElementLocation.java:162)
at org.openqa.selenium.remote.ElementLocation.findElement(ElementLocation.java:60)
at org.openqa.selenium.remote.RemoteWebDriver.findElement(RemoteWebDriver.java:352)
at org.openqa.selenium.remote.RemoteWebDriver.findElement(RemoteWebDriver.java:344)
at org.openqa.selenium.support.pagefactory.DefaultElementLocator.findElement(DefaultElementLocator.java:70)
at org.openqa.selenium.support.pagefactory.internal.LocatingElementHandler.invoke(LocatingElementHandler.java:39)
at jdk.proxy2/jdk.proxy2.$Proxy20.click(Unknown Source)
at pom.pageFactory.pageObject.TreePage.clickBinarySearchTrees(TreePage.java:155)
at pom.pageFactory.testRunner.TreeTest_POM.click_BinarySearchTrees(TreeTest_POM.java:186)
at java.base/jdk.internal.reflect.DirectMethodHandleAccessor.invoke(DirectMethodHandleAccessor.java:104)
at java.base/java.lang.reflect.Method.invoke(Method.java:578)
at org.testng.internal.invokers.MethodInvocationHelper.invokeMethod(MethodInvocationHelper.java:139)
at org.testng.internal.invokers.TestInvoker.invokeMethod(TestInvoker.java:677)
at org.testng.internal.invokers.TestInvoker.invokeTestMethod(TestInvoker.java:221)
at org.testng.internal.invokers.MethodRunner.runInSequence(MethodRunner.java:50)
at org.testng.internal.invokers.TestInvoker$MethodInvocationAgent.invoke(TestInvoker.java:969)
at org.testng.internal.invokers.TestInvoker.invokeTestMethods(TestInvoker.java:194)
at org.testng.internal.invokers.TestMethodWorker.invokeTestMethods(TestMethodWorker.java:148)
at org.testng.internal.invokers.TestMethodWorker.run(TestMethodWorker.java:128)
at java.base/java.util.ArrayList.forEach(ArrayList.java:1511)
at org.testng.TestRunner.privateRun(TestRunner.java:829)
at org.testng.TestRunner.run(TestRunner.java:602)
at org.testng.SuiteRunner.runTest(SuiteRunner.java:437)
at org.testng.SuiteRunner.runSequentially(SuiteRunner.java:431)
at org.testng.SuiteRunner.privateRun(SuiteRunner.java:391)
at org.testng.SuiteRunner.run(SuiteRunner.java:330)
at org.testng.SuiteRunnerWorker.runSuite(SuiteRunnerWorker.java:52)
at org.testng.SuiteRunnerWorker.run(SuiteRunnerWorker.java:95)
at org.testng.TestNG.runSuitesSequentially(TestNG.java:1256)
at org.testng.TestNG.runSuitesLocally(TestNG.java:1176)
at org.testng.TestNG.runSuites(TestNG.java:1099)
at org.testng.TestNG.run(TestNG.java:1067)
at org.testng.remote.AbstractRemoteTestNG.run(AbstractRemoteTestNG.java:115)
at org.testng.remote.RemoteTestNG.initAndRun(RemoteTestNG.java:251)
at org.testng.remote.RemoteTestNG.main(RemoteTestNG.java:77)
]]>
            </full-stacktrace>
          </exception> <!-- org.openqa.selenium.NoSuchElementException -->
          <reporter-output>
          </reporter-output>
        </test-method> <!-- click_BinarySearchTrees -->
        <test-method signature="click_ImpOfBST()[pri:29, instance:pom.pageFactory.testRunner.TreeTest_POM@762637be]" started-at="2023-05-17T12:28:45 EDT" name="click_ImpOfBST" finished-at="2023-05-17T12:28:54 EDT" duration-ms="9042" status="FAIL">
          <exception class="org.openqa.selenium.NoSuchElementException">
            <message>
              <![CDATA[no such element: Unable to locate element: {"method":"xpath","selector":"//a[@href='/tree/binary-search-trees/']"}
  (Session info: chrome=113.0.5672.93)
For documentation on this error, please visit: https://selenium.dev/exceptions/#no_such_element
Build info: version: '4.8.3', revision: 'e5e76298c3'
System info: os.name: 'Windows 11', os.arch: 'amd64', os.version: '10.0', java.version: '19.0.2'
Driver info: org.openqa.selenium.chrome.ChromeDriver
Command: [f723c1dc365735f33b5e14d6774225ef, findElement {using=xpath, value=//a[@href='/tree/binary-search-trees/']}]
Capabilities {acceptInsecureCerts: false, browserName: chrome, browserVersion: 113.0.5672.93, chrome: {chromedriverVersion: 113.0.5672.63 (0e1a4471d5ae..., userDataDir: C:\Users\Garima\AppData\Loc...}, goog:chromeOptions: {debuggerAddress: localhost:64922}, networkConnectionEnabled: false, pageLoadStrategy: normal, platformName: WINDOWS, proxy: Proxy(), se:cdp: ws://localhost:64922/devtoo..., se:cdpVersion: 113.0.5672.93, setWindowRect: true, strictFileInteractability: false, timeouts: {implicit: 0, pageLoad: 300000, script: 30000}, unhandledPromptBehavior: dismiss and notify, webauthn:extension:credBlob: true, webauthn:extension:largeBlob: true, webauthn:extension:minPinLength: true, webauthn:extension:prf: true, webauthn:virtualAuthenticators: true}
Session ID: f723c1dc365735f33b5e14d6774225ef]]>
            </message>
            <full-stacktrace>
              <![CDATA[org.openqa.selenium.NoSuchElementException: no such element: Unable to locate element: {"method":"xpath","selector":"//a[@href='/tree/binary-search-trees/']"}
  (Session info: chrome=113.0.5672.93)
For documentation on this error, please visit: https://selenium.dev/exceptions/#no_such_element
Build info: version: '4.8.3', revision: 'e5e76298c3'
System info: os.name: 'Windows 11', os.arch: 'amd64', os.version: '10.0', java.version: '19.0.2'
Driver info: org.openqa.selenium.chrome.ChromeDriver
Command: [f723c1dc365735f33b5e14d6774225ef, findElement {using=xpath, value=//a[@href='/tree/binary-search-trees/']}]
Capabilities {acceptInsecureCerts: false, browserName: chrome, browserVersion: 113.0.5672.93, chrome: {chromedriverVersion: 113.0.5672.63 (0e1a4471d5ae..., userDataDir: C:\Users\Garima\AppData\Loc...}, goog:chromeOptions: {debuggerAddress: localhost:64922}, networkConnectionEnabled: false, pageLoadStrategy: normal, platformName: WINDOWS, proxy: Proxy(), se:cdp: ws://localhost:64922/devtoo..., se:cdpVersion: 113.0.5672.93, setWindowRect: true, strictFileInteractability: false, timeouts: {implicit: 0, pageLoad: 300000, script: 30000}, unhandledPromptBehavior: dismiss and notify, webauthn:extension:credBlob: true, webauthn:extension:largeBlob: true, webauthn:extension:minPinLength: true, webauthn:extension:prf: true, webauthn:virtualAuthenticators: true}
Session ID: f723c1dc365735f33b5e14d6774225ef
at java.base/jdk.internal.reflect.DirectConstructorHandleAccessor.newInstance(DirectConstructorHandleAccessor.java:67)
at java.base/java.lang.reflect.Constructor.newInstanceWithCaller(Constructor.java:500)
at java.base/java.lang.reflect.Constructor.newInstance(Constructor.java:484)
at org.openqa.selenium.remote.codec.w3c.W3CHttpResponseCodec.createException(W3CHttpResponseCodec.java:200)
at org.openqa.selenium.remote.codec.w3c.W3CHttpResponseCodec.decode(W3CHttpResponseCodec.java:133)
at org.openqa.selenium.remote.codec.w3c.W3CHttpResponseCodec.decode(W3CHttpResponseCodec.java:53)
at org.openqa.selenium.remote.HttpCommandExecutor.execute(HttpCommandExecutor.java:193)
at org.openqa.selenium.remote.service.DriverCommandExecutor.invokeExecute(DriverCommandExecutor.java:183)
at org.openqa.selenium.remote.service.DriverCommandExecutor.execute(DriverCommandExecutor.java:158)
at org.openqa.selenium.remote.RemoteWebDriver.execute(RemoteWebDriver.java:543)
at org.openqa.selenium.remote.ElementLocation$ElementFinder$2.findElement(ElementLocation.java:162)
at org.openqa.selenium.remote.ElementLocation.findElement(ElementLocation.java:60)
at org.openqa.selenium.remote.RemoteWebDriver.findElement(RemoteWebDriver.java:352)
at org.openqa.selenium.remote.RemoteWebDriver.findElement(RemoteWebDriver.java:344)
at org.openqa.selenium.support.pagefactory.DefaultElementLocator.findElement(DefaultElementLocator.java:70)
at org.openqa.selenium.support.pagefactory.internal.LocatingElementHandler.invoke(LocatingElementHandler.java:39)
at jdk.proxy2/jdk.proxy2.$Proxy20.click(Unknown Source)
at pom.pageFactory.pageObject.TreePage.clickBinarySearchTrees(TreePage.java:155)
at pom.pageFactory.testRunner.TreeTest_POM.click_ImpOfBST(TreeTest_POM.java:196)
at java.base/jdk.internal.reflect.DirectMethodHandleAccessor.invoke(DirectMethodHandleAccessor.java:104)
at java.base/java.lang.reflect.Method.invoke(Method.java:578)
at org.testng.internal.invokers.MethodInvocationHelper.invokeMethod(MethodInvocationHelper.java:139)
at org.testng.internal.invokers.TestInvoker.invokeMethod(TestInvoker.java:677)
at org.testng.internal.invokers.TestInvoker.invokeTestMethod(TestInvoker.java:221)
at org.testng.internal.invokers.MethodRunner.runInSequence(MethodRunner.java:50)
at org.testng.internal.invokers.TestInvoker$MethodInvocationAgent.invoke(TestInvoker.java:969)
at org.testng.internal.invokers.TestInvoker.invokeTestMethods(TestInvoker.java:194)
at org.testng.internal.invokers.TestMethodWorker.invokeTestMethods(TestMethodWorker.java:148)
at org.testng.internal.invokers.TestMethodWorker.run(TestMethodWorker.java:128)
at java.base/java.util.ArrayList.forEach(ArrayList.java:1511)
at org.testng.TestRunner.privateRun(TestRunner.java:829)
at org.testng.TestRunner.run(TestRunner.java:602)
at org.testng.SuiteRunner.runTest(SuiteRunner.java:437)
at org.testng.SuiteRunner.runSequentially(SuiteRunner.java:431)
at org.testng.SuiteRunner.privateRun(SuiteRunner.java:391)
at org.testng.SuiteRunner.run(SuiteRunner.java:330)
at org.testng.SuiteRunnerWorker.runSuite(SuiteRunnerWorker.java:52)
at org.testng.SuiteRunnerWorker.run(SuiteRunnerWorker.java:95)
at org.testng.TestNG.runSuitesSequentially(TestNG.java:1256)
at org.testng.TestNG.runSuitesLocally(TestNG.java:1176)
at org.testng.TestNG.runSuites(TestNG.java:1099)
at org.testng.TestNG.run(TestNG.java:1067)
at org.testng.remote.AbstractRemoteTestNG.run(AbstractRemoteTestNG.java:115)
at org.testng.remote.RemoteTestNG.initAndRun(RemoteTestNG.java:251)
at org.testng.remote.RemoteTestNG.main(RemoteTestNG.java:77)
]]>
            </full-stacktrace>
          </exception> <!-- org.openqa.selenium.NoSuchElementException -->
          <reporter-output>
          </reporter-output>
        </test-method> <!-- click_ImpOfBST -->
        <test-method signature="tree_PracticeQuestionsLink()[pri:31, instance:pom.pageFactory.testRunner.TreeTest_POM@762637be]" started-at="2023-05-17T12:28:54 EDT" name="tree_PracticeQuestionsLink" finished-at="2023-05-17T12:29:03 EDT" duration-ms="9023" status="FAIL">
          <exception class="org.openqa.selenium.NoSuchElementException">
            <message>
              <![CDATA[no such element: Unable to locate element: {"method":"xpath","selector":"//a[contains(text(),'Practice Questions')]"}
  (Session info: chrome=113.0.5672.93)
For documentation on this error, please visit: https://selenium.dev/exceptions/#no_such_element
Build info: version: '4.8.3', revision: 'e5e76298c3'
System info: os.name: 'Windows 11', os.arch: 'amd64', os.version: '10.0', java.version: '19.0.2'
Driver info: org.openqa.selenium.chrome.ChromeDriver
Command: [f723c1dc365735f33b5e14d6774225ef, findElement {using=xpath, value=//a[contains(text(),'Practice Questions')]}]
Capabilities {acceptInsecureCerts: false, browserName: chrome, browserVersion: 113.0.5672.93, chrome: {chromedriverVersion: 113.0.5672.63 (0e1a4471d5ae..., userDataDir: C:\Users\Garima\AppData\Loc...}, goog:chromeOptions: {debuggerAddress: localhost:64922}, networkConnectionEnabled: false, pageLoadStrategy: normal, platformName: WINDOWS, proxy: Proxy(), se:cdp: ws://localhost:64922/devtoo..., se:cdpVersion: 113.0.5672.93, setWindowRect: true, strictFileInteractability: false, timeouts: {implicit: 0, pageLoad: 300000, script: 30000}, unhandledPromptBehavior: dismiss and notify, webauthn:extension:credBlob: true, webauthn:extension:largeBlob: true, webauthn:extension:minPinLength: true, webauthn:extension:prf: true, webauthn:virtualAuthenticators: true}
Session ID: f723c1dc365735f33b5e14d6774225ef]]>
            </message>
            <full-stacktrace>
              <![CDATA[org.openqa.selenium.NoSuchElementException: no such element: Unable to locate element: {"method":"xpath","selector":"//a[contains(text(),'Practice Questions')]"}
  (Session info: chrome=113.0.5672.93)
For documentation on this error, please visit: https://selenium.dev/exceptions/#no_such_element
Build info: version: '4.8.3', revision: 'e5e76298c3'
System info: os.name: 'Windows 11', os.arch: 'amd64', os.version: '10.0', java.version: '19.0.2'
Driver info: org.openqa.selenium.chrome.ChromeDriver
Command: [f723c1dc365735f33b5e14d6774225ef, findElement {using=xpath, value=//a[contains(text(),'Practice Questions')]}]
Capabilities {acceptInsecureCerts: false, browserName: chrome, browserVersion: 113.0.5672.93, chrome: {chromedriverVersion: 113.0.5672.63 (0e1a4471d5ae..., userDataDir: C:\Users\Garima\AppData\Loc...}, goog:chromeOptions: {debuggerAddress: localhost:64922}, networkConnectionEnabled: false, pageLoadStrategy: normal, platformName: WINDOWS, proxy: Proxy(), se:cdp: ws://localhost:64922/devtoo..., se:cdpVersion: 113.0.5672.93, setWindowRect: true, strictFileInteractability: false, timeouts: {implicit: 0, pageLoad: 300000, script: 30000}, unhandledPromptBehavior: dismiss and notify, webauthn:extension:credBlob: true, webauthn:extension:largeBlob: true, webauthn:extension:minPinLength: true, webauthn:extension:prf: true, webauthn:virtualAuthenticators: true}
Session ID: f723c1dc365735f33b5e14d6774225ef
at java.base/jdk.internal.reflect.DirectConstructorHandleAccessor.newInstance(DirectConstructorHandleAccessor.java:67)
at java.base/java.lang.reflect.Constructor.newInstanceWithCaller(Constructor.java:500)
at java.base/java.lang.reflect.Constructor.newInstance(Constructor.java:484)
at org.openqa.selenium.remote.codec.w3c.W3CHttpResponseCodec.createException(W3CHttpResponseCodec.java:200)
at org.openqa.selenium.remote.codec.w3c.W3CHttpResponseCodec.decode(W3CHttpResponseCodec.java:133)
at org.openqa.selenium.remote.codec.w3c.W3CHttpResponseCodec.decode(W3CHttpResponseCodec.java:53)
at org.openqa.selenium.remote.HttpCommandExecutor.execute(HttpCommandExecutor.java:193)
at org.openqa.selenium.remote.service.DriverCommandExecutor.invokeExecute(DriverCommandExecutor.java:183)
at org.openqa.selenium.remote.service.DriverCommandExecutor.execute(DriverCommandExecutor.java:158)
at org.openqa.selenium.remote.RemoteWebDriver.execute(RemoteWebDriver.java:543)
at org.openqa.selenium.remote.ElementLocation$ElementFinder$2.findElement(ElementLocation.java:162)
at org.openqa.selenium.remote.ElementLocation.findElement(ElementLocation.java:60)
at org.openqa.selenium.remote.RemoteWebDriver.findElement(RemoteWebDriver.java:352)
at org.openqa.selenium.remote.RemoteWebDriver.findElement(RemoteWebDriver.java:344)
at org.openqa.selenium.support.pagefactory.DefaultElementLocator.findElement(DefaultElementLocator.java:70)
at org.openqa.selenium.support.pagefactory.internal.LocatingElementHandler.invoke(LocatingElementHandler.java:39)
at jdk.proxy2/jdk.proxy2.$Proxy20.click(Unknown Source)
at pom.pageFactory.pageObject.TreePage.clickPracticeQuestionLink(TreePage.java:180)
at pom.pageFactory.testRunner.TreeTest_POM.tree_PracticeQuestionsLink(TreeTest_POM.java:208)
at java.base/jdk.internal.reflect.DirectMethodHandleAccessor.invoke(DirectMethodHandleAccessor.java:104)
at java.base/java.lang.reflect.Method.invoke(Method.java:578)
at org.testng.internal.invokers.MethodInvocationHelper.invokeMethod(MethodInvocationHelper.java:139)
at org.testng.internal.invokers.TestInvoker.invokeMethod(TestInvoker.java:677)
at org.testng.internal.invokers.TestInvoker.invokeTestMethod(TestInvoker.java:221)
at org.testng.internal.invokers.MethodRunner.runInSequence(MethodRunner.java:50)
at org.testng.internal.invokers.TestInvoker$MethodInvocationAgent.invoke(TestInvoker.java:969)
at org.testng.internal.invokers.TestInvoker.invokeTestMethods(TestInvoker.java:194)
at org.testng.internal.invokers.TestMethodWorker.invokeTestMethods(TestMethodWorker.java:148)
at org.testng.internal.invokers.TestMethodWorker.run(TestMethodWorker.java:128)
at java.base/java.util.ArrayList.forEach(ArrayList.java:1511)
at org.testng.TestRunner.privateRun(TestRunner.java:829)
at org.testng.TestRunner.run(TestRunner.java:602)
at org.testng.SuiteRunner.runTest(SuiteRunner.java:437)
at org.testng.SuiteRunner.runSequentially(SuiteRunner.java:431)
at org.testng.SuiteRunner.privateRun(SuiteRunner.java:391)
at org.testng.SuiteRunner.run(SuiteRunner.java:330)
at org.testng.SuiteRunnerWorker.runSuite(SuiteRunnerWorker.java:52)
at org.testng.SuiteRunnerWorker.run(SuiteRunnerWorker.java:95)
at org.testng.TestNG.runSuitesSequentially(TestNG.java:1256)
at org.testng.TestNG.runSuitesLocally(TestNG.java:1176)
at org.testng.TestNG.runSuites(TestNG.java:1099)
at org.testng.TestNG.run(TestNG.java:1067)
at org.testng.remote.AbstractRemoteTestNG.run(AbstractRemoteTestNG.java:115)
at org.testng.remote.RemoteTestNG.initAndRun(RemoteTestNG.java:251)
at org.testng.remote.RemoteTestNG.main(RemoteTestNG.java:77)
]]>
            </full-stacktrace>
          </exception> <!-- org.openqa.selenium.NoSuchElementException -->
          <reporter-output>
          </reporter-output>
        </test-method> <!-- tree_PracticeQuestionsLink -->
        <test-method signature="tree_Dropdown()[pri:33, instance:pom.pageFactory.testRunner.TreeTest_POM@762637be]" started-at="2023-05-17T12:29:03 EDT" name="tree_Dropdown" finished-at="2023-05-17T12:29:11 EDT" duration-ms="8034" status="FAIL">
          <exception class="org.openqa.selenium.NoSuchElementException">
            <message>
              <![CDATA[no such element: Unable to locate element: {"method":"xpath","selector":"//a[text()='Data Structures']"}
  (Session info: chrome=113.0.5672.93)
For documentation on this error, please visit: https://selenium.dev/exceptions/#no_such_element
Build info: version: '4.8.3', revision: 'e5e76298c3'
System info: os.name: 'Windows 11', os.arch: 'amd64', os.version: '10.0', java.version: '19.0.2'
Driver info: org.openqa.selenium.chrome.ChromeDriver
Command: [f723c1dc365735f33b5e14d6774225ef, findElement {using=xpath, value=//a[text()='Data Structures']}]
Capabilities {acceptInsecureCerts: false, browserName: chrome, browserVersion: 113.0.5672.93, chrome: {chromedriverVersion: 113.0.5672.63 (0e1a4471d5ae..., userDataDir: C:\Users\Garima\AppData\Loc...}, goog:chromeOptions: {debuggerAddress: localhost:64922}, networkConnectionEnabled: false, pageLoadStrategy: normal, platformName: WINDOWS, proxy: Proxy(), se:cdp: ws://localhost:64922/devtoo..., se:cdpVersion: 113.0.5672.93, setWindowRect: true, strictFileInteractability: false, timeouts: {implicit: 0, pageLoad: 300000, script: 30000}, unhandledPromptBehavior: dismiss and notify, webauthn:extension:credBlob: true, webauthn:extension:largeBlob: true, webauthn:extension:minPinLength: true, webauthn:extension:prf: true, webauthn:virtualAuthenticators: true}
Session ID: f723c1dc365735f33b5e14d6774225ef]]>
            </message>
            <full-stacktrace>
              <![CDATA[org.openqa.selenium.NoSuchElementException: no such element: Unable to locate element: {"method":"xpath","selector":"//a[text()='Data Structures']"}
  (Session info: chrome=113.0.5672.93)
For documentation on this error, please visit: https://selenium.dev/exceptions/#no_such_element
Build info: version: '4.8.3', revision: 'e5e76298c3'
System info: os.name: 'Windows 11', os.arch: 'amd64', os.version: '10.0', java.version: '19.0.2'
Driver info: org.openqa.selenium.chrome.ChromeDriver
Command: [f723c1dc365735f33b5e14d6774225ef, findElement {using=xpath, value=//a[text()='Data Structures']}]
Capabilities {acceptInsecureCerts: false, browserName: chrome, browserVersion: 113.0.5672.93, chrome: {chromedriverVersion: 113.0.5672.63 (0e1a4471d5ae..., userDataDir: C:\Users\Garima\AppData\Loc...}, goog:chromeOptions: {debuggerAddress: localhost:64922}, networkConnectionEnabled: false, pageLoadStrategy: normal, platformName: WINDOWS, proxy: Proxy(), se:cdp: ws://localhost:64922/devtoo..., se:cdpVersion: 113.0.5672.93, setWindowRect: true, strictFileInteractability: false, timeouts: {implicit: 0, pageLoad: 300000, script: 30000}, unhandledPromptBehavior: dismiss and notify, webauthn:extension:credBlob: true, webauthn:extension:largeBlob: true, webauthn:extension:minPinLength: true, webauthn:extension:prf: true, webauthn:virtualAuthenticators: true}
Session ID: f723c1dc365735f33b5e14d6774225ef
at java.base/jdk.internal.reflect.DirectConstructorHandleAccessor.newInstance(DirectConstructorHandleAccessor.java:67)
at java.base/java.lang.reflect.Constructor.newInstanceWithCaller(Constructor.java:500)
at java.base/java.lang.reflect.Constructor.newInstance(Constructor.java:484)
at org.openqa.selenium.remote.codec.w3c.W3CHttpResponseCodec.createException(W3CHttpResponseCodec.java:200)
at org.openqa.selenium.remote.codec.w3c.W3CHttpResponseCodec.decode(W3CHttpResponseCodec.java:133)
at org.openqa.selenium.remote.codec.w3c.W3CHttpResponseCodec.decode(W3CHttpResponseCodec.java:53)
at org.openqa.selenium.remote.HttpCommandExecutor.execute(HttpCommandExecutor.java:193)
at org.openqa.selenium.remote.service.DriverCommandExecutor.invokeExecute(DriverCommandExecutor.java:183)
at org.openqa.selenium.remote.service.DriverCommandExecutor.execute(DriverCommandExecutor.java:158)
at org.openqa.selenium.remote.RemoteWebDriver.execute(RemoteWebDriver.java:543)
at org.openqa.selenium.remote.ElementLocation$ElementFinder$2.findElement(ElementLocation.java:162)
at org.openqa.selenium.remote.ElementLocation.findElement(ElementLocation.java:60)
at org.openqa.selenium.remote.RemoteWebDriver.findElement(RemoteWebDriver.java:352)
at org.openqa.selenium.remote.RemoteWebDriver.findElement(RemoteWebDriver.java:344)
at org.openqa.selenium.support.pagefactory.DefaultElementLocator.findElement(DefaultElementLocator.java:70)
at org.openqa.selenium.support.pagefactory.internal.LocatingElementHandler.invoke(LocatingElementHandler.java:39)
at jdk.proxy2/jdk.proxy2.$Proxy20.click(Unknown Source)
at pom.pageFactory.pageObject.HomePage.clickDropdown(HomePage.java:101)
at pom.pageFactory.testRunner.TreeTest_POM.tree_Dropdown(TreeTest_POM.java:215)
at java.base/jdk.internal.reflect.DirectMethodHandleAccessor.invoke(DirectMethodHandleAccessor.java:104)
at java.base/java.lang.reflect.Method.invoke(Method.java:578)
at org.testng.internal.invokers.MethodInvocationHelper.invokeMethod(MethodInvocationHelper.java:139)
at org.testng.internal.invokers.TestInvoker.invokeMethod(TestInvoker.java:677)
at org.testng.internal.invokers.TestInvoker.invokeTestMethod(TestInvoker.java:221)
at org.testng.internal.invokers.MethodRunner.runInSequence(MethodRunner.java:50)
at org.testng.internal.invokers.TestInvoker$MethodInvocationAgent.invoke(TestInvoker.java:969)
at org.testng.internal.invokers.TestInvoker.invokeTestMethods(TestInvoker.java:194)
at org.testng.internal.invokers.TestMethodWorker.invokeTestMethods(TestMethodWorker.java:148)
at org.testng.internal.invokers.TestMethodWorker.run(TestMethodWorker.java:128)
at java.base/java.util.ArrayList.forEach(ArrayList.java:1511)
at org.testng.TestRunner.privateRun(TestRunner.java:829)
at org.testng.TestRunner.run(TestRunner.java:602)
at org.testng.SuiteRunner.runTest(SuiteRunner.java:437)
at org.testng.SuiteRunner.runSequentially(SuiteRunner.java:431)
at org.testng.SuiteRunner.privateRun(SuiteRunner.java:391)
at org.testng.SuiteRunner.run(SuiteRunner.java:330)
at org.testng.SuiteRunnerWorker.runSuite(SuiteRunnerWorker.java:52)
at org.testng.SuiteRunnerWorker.run(SuiteRunnerWorker.java:95)
at org.testng.TestNG.runSuitesSequentially(TestNG.java:1256)
at org.testng.TestNG.runSuitesLocally(TestNG.java:1176)
at org.testng.TestNG.runSuites(TestNG.java:1099)
at org.testng.TestNG.run(TestNG.java:1067)
at org.testng.remote.AbstractRemoteTestNG.run(AbstractRemoteTestNG.java:115)
at org.testng.remote.RemoteTestNG.initAndRun(RemoteTestNG.java:251)
at org.testng.remote.RemoteTestNG.main(RemoteTestNG.java:77)
]]>
            </full-stacktrace>
          </exception> <!-- org.openqa.selenium.NoSuchElementException -->
          <reporter-output>
          </reporter-output>
        </test-method> <!-- tree_Dropdown -->
      </class> <!-- pom.pageFactory.testRunner.TreeTest_POM -->
      <class name="pom.pageFactory.testRunner.StackTest_POM">
        <test-method signature="OpenHomeURL()[pri:1, instance:pom.pageFactory.testRunner.StackTest_POM@72f9f27c]" started-at="2023-05-17T12:26:30 EDT" name="OpenHomeURL" finished-at="2023-05-17T12:26:30 EDT" duration-ms="1" status="PASS">
          <reporter-output>
          </reporter-output>
        </test-method> <!-- OpenHomeURL -->
        <test-method signature="operations_in_stack()[pri:9, instance:pom.pageFactory.testRunner.StackTest_POM@72f9f27c]" started-at="2023-05-17T12:26:30 EDT" name="operations_in_stack" finished-at="2023-05-17T12:26:34 EDT" duration-ms="4754" status="PASS">
          <reporter-output>
          </reporter-output>
        </test-method> <!-- operations_in_stack -->
        <test-method signature="implementation_stack()[pri:11, instance:pom.pageFactory.testRunner.StackTest_POM@72f9f27c]" started-at="2023-05-17T12:26:34 EDT" name="implementation_stack" finished-at="2023-05-17T12:26:39 EDT" duration-ms="4682" status="PASS">
          <reporter-output>
          </reporter-output>
        </test-method> <!-- implementation_stack -->
        <test-method signature="application_stack()[pri:13, instance:pom.pageFactory.testRunner.StackTest_POM@72f9f27c]" started-at="2023-05-17T12:26:39 EDT" name="application_stack" finished-at="2023-05-17T12:26:44 EDT" duration-ms="4870" status="PASS">
          <reporter-output>
          </reporter-output>
        </test-method> <!-- application_stack -->
        <test-method signature="stack_PracticeQuestionsLink()[pri:15, instance:pom.pageFactory.testRunner.StackTest_POM@72f9f27c]" started-at="2023-05-17T12:26:44 EDT" name="stack_PracticeQuestionsLink" finished-at="2023-05-17T12:26:45 EDT" duration-ms="1189" status="PASS">
          <reporter-output>
          </reporter-output>
        </test-method> <!-- stack_PracticeQuestionsLink -->
        <test-method signature="stack_DropDown()[pri:17, instance:pom.pageFactory.testRunner.StackTest_POM@72f9f27c]" started-at="2023-05-17T12:26:45 EDT" name="stack_DropDown" finished-at="2023-05-17T12:26:46 EDT" duration-ms="1246" status="PASS">
          <reporter-output>
          </reporter-output>
        </test-method> <!-- stack_DropDown -->
      </class> <!-- pom.pageFactory.testRunner.StackTest_POM -->
      <class name="pom.pageFactory.testRunner.ArrayTest_POM">
        <test-method signature="OpenHomeURL()[pri:1, instance:pom.pageFactory.testRunner.ArrayTest_POM@43af351a]" started-at="2023-05-17T12:24:51 EDT" name="OpenHomeURL" finished-at="2023-05-17T12:24:51 EDT" duration-ms="15" status="PASS">
          <reporter-output>
          </reporter-output>
        </test-method> <!-- OpenHomeURL -->
        <test-method signature="ArrayPage_WrongInput()[pri:9, instance:pom.pageFactory.testRunner.ArrayTest_POM@43af351a]" started-at="2023-05-17T12:24:51 EDT" name="ArrayPage_WrongInput" finished-at="2023-05-17T12:24:58 EDT" duration-ms="7417" status="PASS">
          <reporter-output>
          </reporter-output>
        </test-method> <!-- ArrayPage_WrongInput -->
        <test-method signature="ArrayPage_ArraysInPython()[pri:10, instance:pom.pageFactory.testRunner.ArrayTest_POM@43af351a]" started-at="2023-05-17T12:24:58 EDT" name="ArrayPage_ArraysInPython" finished-at="2023-05-17T12:25:03 EDT" duration-ms="4264" status="PASS">
          <reporter-output>
          </reporter-output>
        </test-method> <!-- ArrayPage_ArraysInPython -->
        <test-method signature="ArrayPage_ArraysUsingList()[pri:11, instance:pom.pageFactory.testRunner.ArrayTest_POM@43af351a]" started-at="2023-05-17T12:25:03 EDT" name="ArrayPage_ArraysUsingList" finished-at="2023-05-17T12:25:09 EDT" duration-ms="6783" status="PASS">
          <reporter-output>
          </reporter-output>
        </test-method> <!-- ArrayPage_ArraysUsingList -->
        <test-method signature="ArrayPage_BasicOperations()[pri:12, instance:pom.pageFactory.testRunner.ArrayTest_POM@43af351a]" started-at="2023-05-17T12:25:09 EDT" name="ArrayPage_BasicOperations" finished-at="2023-05-17T12:25:17 EDT" duration-ms="7422" status="PASS">
          <reporter-output>
          </reporter-output>
        </test-method> <!-- ArrayPage_BasicOperations -->
        <test-method signature="ArrayPage_ApplicationsOfArrays()[pri:13, instance:pom.pageFactory.testRunner.ArrayTest_POM@43af351a]" started-at="2023-05-17T12:25:17 EDT" name="ArrayPage_ApplicationsOfArrays" finished-at="2023-05-17T12:25:24 EDT" duration-ms="6815" status="PASS">
          <reporter-output>
          </reporter-output>
        </test-method> <!-- ArrayPage_ApplicationsOfArrays -->
        <test-method signature="ArrayPage_PracticeQuestionsLink()[pri:14, instance:pom.pageFactory.testRunner.ArrayTest_POM@43af351a]" started-at="2023-05-17T12:25:24 EDT" name="ArrayPage_PracticeQuestionsLink" finished-at="2023-05-17T12:25:25 EDT" duration-ms="1239" status="PASS">
          <reporter-output>
          </reporter-output>
        </test-method> <!-- ArrayPage_PracticeQuestionsLink -->
        <test-method signature="ArrayPage_PracticeQuestion1()[pri:15, instance:pom.pageFactory.testRunner.ArrayTest_POM@43af351a]" started-at="2023-05-17T12:25:25 EDT" name="ArrayPage_PracticeQuestion1" finished-at="2023-05-17T12:25:31 EDT" duration-ms="6489" status="PASS">
          <reporter-output>
          </reporter-output>
        </test-method> <!-- ArrayPage_PracticeQuestion1 -->
        <test-method signature="ArrayPage_PracticeQuestion2()[pri:16, instance:pom.pageFactory.testRunner.ArrayTest_POM@43af351a]" started-at="2023-05-17T12:25:31 EDT" name="ArrayPage_PracticeQuestion2" finished-at="2023-05-17T12:25:38 EDT" duration-ms="6512" status="PASS">
          <reporter-output>
          </reporter-output>
        </test-method> <!-- ArrayPage_PracticeQuestion2 -->
        <test-method signature="ArrayPage_PracticeQuestion3()[pri:17, instance:pom.pageFactory.testRunner.ArrayTest_POM@43af351a]" started-at="2023-05-17T12:25:38 EDT" name="ArrayPage_PracticeQuestion3" finished-at="2023-05-17T12:25:44 EDT" duration-ms="6565" status="PASS">
          <reporter-output>
          </reporter-output>
        </test-method> <!-- ArrayPage_PracticeQuestion3 -->
        <test-method signature="ArrayPage_PracticeQuestion4()[pri:18, instance:pom.pageFactory.testRunner.ArrayTest_POM@43af351a]" started-at="2023-05-17T12:25:44 EDT" name="ArrayPage_PracticeQuestion4" finished-at="2023-05-17T12:25:51 EDT" duration-ms="6445" status="PASS">
          <reporter-output>
          </reporter-output>
        </test-method> <!-- ArrayPage_PracticeQuestion4 -->
        <test-method signature="ArrayPage_DropDown_LL()[pri:19, instance:pom.pageFactory.testRunner.ArrayTest_POM@43af351a]" started-at="2023-05-17T12:25:51 EDT" name="ArrayPage_DropDown_LL" finished-at="2023-05-17T12:25:52 EDT" duration-ms="1313" status="PASS">
          <reporter-output>
          </reporter-output>
        </test-method> <!-- ArrayPage_DropDown_LL -->
      </class> <!-- pom.pageFactory.testRunner.ArrayTest_POM -->
      <class name="pom.pageFactory.testRunner.DataStructureTest_POM">
        <test-method signature="OpenHomeURL()[pri:1, instance:pom.pageFactory.testRunner.DataStructureTest_POM@5e7c141d]" started-at="2023-05-17T12:24:39 EDT" name="OpenHomeURL" finished-at="2023-05-17T12:24:39 EDT" duration-ms="11" status="PASS">
          <reporter-output>
          </reporter-output>
        </test-method> <!-- OpenHomeURL -->
        <test-method signature="ClickDSLinkOnHomePage()[pri:7, instance:pom.pageFactory.testRunner.DataStructureTest_POM@5e7c141d]" started-at="2023-05-17T12:24:39 EDT" name="ClickDSLinkOnHomePage" finished-at="2023-05-17T12:24:39 EDT" duration-ms="423" status="PASS">
          <reporter-output>
          </reporter-output>
        </test-method> <!-- ClickDSLinkOnHomePage -->
        <test-method signature="DataStructureSmokeTest_TimeComplexity()[pri:8, instance:pom.pageFactory.testRunner.DataStructureTest_POM@5e7c141d]" started-at="2023-05-17T12:24:39 EDT" name="DataStructureSmokeTest_TimeComplexity" finished-at="2023-05-17T12:24:46 EDT" duration-ms="7082" status="PASS">
          <reporter-output>
          </reporter-output>
        </test-method> <!-- DataStructureSmokeTest_TimeComplexity -->
        <test-method signature="DataStructureSmokeTest_PracticeQuestion()[pri:9, instance:pom.pageFactory.testRunner.DataStructureTest_POM@5e7c141d]" started-at="2023-05-17T12:24:46 EDT" name="DataStructureSmokeTest_PracticeQuestion" finished-at="2023-05-17T12:24:47 EDT" duration-ms="1170" status="PASS">
          <reporter-output>
          </reporter-output>
        </test-method> <!-- DataStructureSmokeTest_PracticeQuestion -->
        <test-method signature="DataStructureSmokeTest_Dropdown()[pri:10, instance:pom.pageFactory.testRunner.DataStructureTest_POM@5e7c141d]" started-at="2023-05-17T12:24:47 EDT" name="DataStructureSmokeTest_Dropdown" finished-at="2023-05-17T12:24:51 EDT" duration-ms="3386" status="PASS">
          <reporter-output>
          </reporter-output>
        </test-method> <!-- DataStructureSmokeTest_Dropdown -->
      </class> <!-- pom.pageFactory.testRunner.DataStructureTest_POM -->
      <class name="pom.pageFactory.testRunner.GraphTest_POM">
        <test-method signature="instantiateDriver()[pri:1, instance:pom.pageFactory.testRunner.GraphTest_POM@4b97c4ad]" started-at="2023-05-17T12:29:11 EDT" name="instantiateDriver" finished-at="2023-05-17T12:29:12 EDT" duration-ms="14" status="PASS">
          <reporter-output>
          </reporter-output>
        </test-method> <!-- instantiateDriver -->
        <test-method signature="click_graphLink_wrongText()[pri:9, instance:pom.pageFactory.testRunner.GraphTest_POM@4b97c4ad]" started-at="2023-05-17T12:29:12 EDT" name="click_graphLink_wrongText" finished-at="2023-05-17T12:29:21 EDT" duration-ms="9066" status="FAIL">
          <exception class="org.openqa.selenium.NoSuchElementException">
            <message>
              <![CDATA[no such element: Unable to locate element: {"method":"xpath","selector":"//a[@href='graph']"}
  (Session info: chrome=113.0.5672.93)
For documentation on this error, please visit: https://selenium.dev/exceptions/#no_such_element
Build info: version: '4.8.3', revision: 'e5e76298c3'
System info: os.name: 'Windows 11', os.arch: 'amd64', os.version: '10.0', java.version: '19.0.2'
Driver info: org.openqa.selenium.chrome.ChromeDriver
Command: [f723c1dc365735f33b5e14d6774225ef, findElement {using=xpath, value=//a[@href='graph']}]
Capabilities {acceptInsecureCerts: false, browserName: chrome, browserVersion: 113.0.5672.93, chrome: {chromedriverVersion: 113.0.5672.63 (0e1a4471d5ae..., userDataDir: C:\Users\Garima\AppData\Loc...}, goog:chromeOptions: {debuggerAddress: localhost:64922}, networkConnectionEnabled: false, pageLoadStrategy: normal, platformName: WINDOWS, proxy: Proxy(), se:cdp: ws://localhost:64922/devtoo..., se:cdpVersion: 113.0.5672.93, setWindowRect: true, strictFileInteractability: false, timeouts: {implicit: 0, pageLoad: 300000, script: 30000}, unhandledPromptBehavior: dismiss and notify, webauthn:extension:credBlob: true, webauthn:extension:largeBlob: true, webauthn:extension:minPinLength: true, webauthn:extension:prf: true, webauthn:virtualAuthenticators: true}
Session ID: f723c1dc365735f33b5e14d6774225ef]]>
            </message>
            <full-stacktrace>
              <![CDATA[org.openqa.selenium.NoSuchElementException: no such element: Unable to locate element: {"method":"xpath","selector":"//a[@href='graph']"}
  (Session info: chrome=113.0.5672.93)
For documentation on this error, please visit: https://selenium.dev/exceptions/#no_such_element
Build info: version: '4.8.3', revision: 'e5e76298c3'
System info: os.name: 'Windows 11', os.arch: 'amd64', os.version: '10.0', java.version: '19.0.2'
Driver info: org.openqa.selenium.chrome.ChromeDriver
Command: [f723c1dc365735f33b5e14d6774225ef, findElement {using=xpath, value=//a[@href='graph']}]
Capabilities {acceptInsecureCerts: false, browserName: chrome, browserVersion: 113.0.5672.93, chrome: {chromedriverVersion: 113.0.5672.63 (0e1a4471d5ae..., userDataDir: C:\Users\Garima\AppData\Loc...}, goog:chromeOptions: {debuggerAddress: localhost:64922}, networkConnectionEnabled: false, pageLoadStrategy: normal, platformName: WINDOWS, proxy: Proxy(), se:cdp: ws://localhost:64922/devtoo..., se:cdpVersion: 113.0.5672.93, setWindowRect: true, strictFileInteractability: false, timeouts: {implicit: 0, pageLoad: 300000, script: 30000}, unhandledPromptBehavior: dismiss and notify, webauthn:extension:credBlob: true, webauthn:extension:largeBlob: true, webauthn:extension:minPinLength: true, webauthn:extension:prf: true, webauthn:virtualAuthenticators: true}
Session ID: f723c1dc365735f33b5e14d6774225ef
at java.base/jdk.internal.reflect.DirectConstructorHandleAccessor.newInstance(DirectConstructorHandleAccessor.java:67)
at java.base/java.lang.reflect.Constructor.newInstanceWithCaller(Constructor.java:500)
at java.base/java.lang.reflect.Constructor.newInstance(Constructor.java:484)
at org.openqa.selenium.remote.codec.w3c.W3CHttpResponseCodec.createException(W3CHttpResponseCodec.java:200)
at org.openqa.selenium.remote.codec.w3c.W3CHttpResponseCodec.decode(W3CHttpResponseCodec.java:133)
at org.openqa.selenium.remote.codec.w3c.W3CHttpResponseCodec.decode(W3CHttpResponseCodec.java:53)
at org.openqa.selenium.remote.HttpCommandExecutor.execute(HttpCommandExecutor.java:193)
at org.openqa.selenium.remote.service.DriverCommandExecutor.invokeExecute(DriverCommandExecutor.java:183)
at org.openqa.selenium.remote.service.DriverCommandExecutor.execute(DriverCommandExecutor.java:158)
at org.openqa.selenium.remote.RemoteWebDriver.execute(RemoteWebDriver.java:543)
at org.openqa.selenium.remote.ElementLocation$ElementFinder$2.findElement(ElementLocation.java:162)
at org.openqa.selenium.remote.ElementLocation.findElement(ElementLocation.java:60)
at org.openqa.selenium.remote.RemoteWebDriver.findElement(RemoteWebDriver.java:352)
at org.openqa.selenium.remote.RemoteWebDriver.findElement(RemoteWebDriver.java:344)
at org.openqa.selenium.support.pagefactory.DefaultElementLocator.findElement(DefaultElementLocator.java:70)
at org.openqa.selenium.support.pagefactory.internal.LocatingElementHandler.invoke(LocatingElementHandler.java:39)
at jdk.proxy2/jdk.proxy2.$Proxy20.click(Unknown Source)
at pom.pageFactory.pageObject.GraphPage.clickGraph(GraphPage.java:57)
at pom.pageFactory.testRunner.GraphTest_POM.click_graphLink_wrongText(GraphTest_POM.java:78)
at java.base/jdk.internal.reflect.DirectMethodHandleAccessor.invoke(DirectMethodHandleAccessor.java:104)
at java.base/java.lang.reflect.Method.invoke(Method.java:578)
at org.testng.internal.invokers.MethodInvocationHelper.invokeMethod(MethodInvocationHelper.java:139)
at org.testng.internal.invokers.TestInvoker.invokeMethod(TestInvoker.java:677)
at org.testng.internal.invokers.TestInvoker.invokeTestMethod(TestInvoker.java:221)
at org.testng.internal.invokers.MethodRunner.runInSequence(MethodRunner.java:50)
at org.testng.internal.invokers.TestInvoker$MethodInvocationAgent.invoke(TestInvoker.java:969)
at org.testng.internal.invokers.TestInvoker.invokeTestMethods(TestInvoker.java:194)
at org.testng.internal.invokers.TestMethodWorker.invokeTestMethods(TestMethodWorker.java:148)
at org.testng.internal.invokers.TestMethodWorker.run(TestMethodWorker.java:128)
at java.base/java.util.ArrayList.forEach(ArrayList.java:1511)
at org.testng.TestRunner.privateRun(TestRunner.java:829)
at org.testng.TestRunner.run(TestRunner.java:602)
at org.testng.SuiteRunner.runTest(SuiteRunner.java:437)
at org.testng.SuiteRunner.runSequentially(SuiteRunner.java:431)
at org.testng.SuiteRunner.privateRun(SuiteRunner.java:391)
at org.testng.SuiteRunner.run(SuiteRunner.java:330)
at org.testng.SuiteRunnerWorker.runSuite(SuiteRunnerWorker.java:52)
at org.testng.SuiteRunnerWorker.run(SuiteRunnerWorker.java:95)
at org.testng.TestNG.runSuitesSequentially(TestNG.java:1256)
at org.testng.TestNG.runSuitesLocally(TestNG.java:1176)
at org.testng.TestNG.runSuites(TestNG.java:1099)
at org.testng.TestNG.run(TestNG.java:1067)
at org.testng.remote.AbstractRemoteTestNG.run(AbstractRemoteTestNG.java:115)
at org.testng.remote.RemoteTestNG.initAndRun(RemoteTestNG.java:251)
at org.testng.remote.RemoteTestNG.main(RemoteTestNG.java:77)
]]>
            </full-stacktrace>
          </exception> <!-- org.openqa.selenium.NoSuchElementException -->
          <reporter-output>
          </reporter-output>
        </test-method> <!-- click_graphLink_wrongText -->
        <test-method signature="click_graph_link()[pri:9, instance:pom.pageFactory.testRunner.GraphTest_POM@4b97c4ad]" started-at="2023-05-17T12:29:21 EDT" name="click_graph_link" finished-at="2023-05-17T12:29:30 EDT" duration-ms="9026" status="FAIL">
          <exception class="org.openqa.selenium.NoSuchElementException">
            <message>
              <![CDATA[no such element: Unable to locate element: {"method":"xpath","selector":"//a[@href='graph']"}
  (Session info: chrome=113.0.5672.93)
For documentation on this error, please visit: https://selenium.dev/exceptions/#no_such_element
Build info: version: '4.8.3', revision: 'e5e76298c3'
System info: os.name: 'Windows 11', os.arch: 'amd64', os.version: '10.0', java.version: '19.0.2'
Driver info: org.openqa.selenium.chrome.ChromeDriver
Command: [f723c1dc365735f33b5e14d6774225ef, findElement {using=xpath, value=//a[@href='graph']}]
Capabilities {acceptInsecureCerts: false, browserName: chrome, browserVersion: 113.0.5672.93, chrome: {chromedriverVersion: 113.0.5672.63 (0e1a4471d5ae..., userDataDir: C:\Users\Garima\AppData\Loc...}, goog:chromeOptions: {debuggerAddress: localhost:64922}, networkConnectionEnabled: false, pageLoadStrategy: normal, platformName: WINDOWS, proxy: Proxy(), se:cdp: ws://localhost:64922/devtoo..., se:cdpVersion: 113.0.5672.93, setWindowRect: true, strictFileInteractability: false, timeouts: {implicit: 0, pageLoad: 300000, script: 30000}, unhandledPromptBehavior: dismiss and notify, webauthn:extension:credBlob: true, webauthn:extension:largeBlob: true, webauthn:extension:minPinLength: true, webauthn:extension:prf: true, webauthn:virtualAuthenticators: true}
Session ID: f723c1dc365735f33b5e14d6774225ef]]>
            </message>
            <full-stacktrace>
              <![CDATA[org.openqa.selenium.NoSuchElementException: no such element: Unable to locate element: {"method":"xpath","selector":"//a[@href='graph']"}
  (Session info: chrome=113.0.5672.93)
For documentation on this error, please visit: https://selenium.dev/exceptions/#no_such_element
Build info: version: '4.8.3', revision: 'e5e76298c3'
System info: os.name: 'Windows 11', os.arch: 'amd64', os.version: '10.0', java.version: '19.0.2'
Driver info: org.openqa.selenium.chrome.ChromeDriver
Command: [f723c1dc365735f33b5e14d6774225ef, findElement {using=xpath, value=//a[@href='graph']}]
Capabilities {acceptInsecureCerts: false, browserName: chrome, browserVersion: 113.0.5672.93, chrome: {chromedriverVersion: 113.0.5672.63 (0e1a4471d5ae..., userDataDir: C:\Users\Garima\AppData\Loc...}, goog:chromeOptions: {debuggerAddress: localhost:64922}, networkConnectionEnabled: false, pageLoadStrategy: normal, platformName: WINDOWS, proxy: Proxy(), se:cdp: ws://localhost:64922/devtoo..., se:cdpVersion: 113.0.5672.93, setWindowRect: true, strictFileInteractability: false, timeouts: {implicit: 0, pageLoad: 300000, script: 30000}, unhandledPromptBehavior: dismiss and notify, webauthn:extension:credBlob: true, webauthn:extension:largeBlob: true, webauthn:extension:minPinLength: true, webauthn:extension:prf: true, webauthn:virtualAuthenticators: true}
Session ID: f723c1dc365735f33b5e14d6774225ef
at java.base/jdk.internal.reflect.DirectConstructorHandleAccessor.newInstance(DirectConstructorHandleAccessor.java:67)
at java.base/java.lang.reflect.Constructor.newInstanceWithCaller(Constructor.java:500)
at java.base/java.lang.reflect.Constructor.newInstance(Constructor.java:484)
at org.openqa.selenium.remote.codec.w3c.W3CHttpResponseCodec.createException(W3CHttpResponseCodec.java:200)
at org.openqa.selenium.remote.codec.w3c.W3CHttpResponseCodec.decode(W3CHttpResponseCodec.java:133)
at org.openqa.selenium.remote.codec.w3c.W3CHttpResponseCodec.decode(W3CHttpResponseCodec.java:53)
at org.openqa.selenium.remote.HttpCommandExecutor.execute(HttpCommandExecutor.java:193)
at org.openqa.selenium.remote.service.DriverCommandExecutor.invokeExecute(DriverCommandExecutor.java:183)
at org.openqa.selenium.remote.service.DriverCommandExecutor.execute(DriverCommandExecutor.java:158)
at org.openqa.selenium.remote.RemoteWebDriver.execute(RemoteWebDriver.java:543)
at org.openqa.selenium.remote.ElementLocation$ElementFinder$2.findElement(ElementLocation.java:162)
at org.openqa.selenium.remote.ElementLocation.findElement(ElementLocation.java:60)
at org.openqa.selenium.remote.RemoteWebDriver.findElement(RemoteWebDriver.java:352)
at org.openqa.selenium.remote.RemoteWebDriver.findElement(RemoteWebDriver.java:344)
at org.openqa.selenium.support.pagefactory.DefaultElementLocator.findElement(DefaultElementLocator.java:70)
at org.openqa.selenium.support.pagefactory.internal.LocatingElementHandler.invoke(LocatingElementHandler.java:39)
at jdk.proxy2/jdk.proxy2.$Proxy20.click(Unknown Source)
at pom.pageFactory.pageObject.GraphPage.clickGraph(GraphPage.java:57)
at pom.pageFactory.testRunner.GraphTest_POM.click_graph_link(GraphTest_POM.java:95)
at java.base/jdk.internal.reflect.DirectMethodHandleAccessor.invoke(DirectMethodHandleAccessor.java:104)
at java.base/java.lang.reflect.Method.invoke(Method.java:578)
at org.testng.internal.invokers.MethodInvocationHelper.invokeMethod(MethodInvocationHelper.java:139)
at org.testng.internal.invokers.TestInvoker.invokeMethod(TestInvoker.java:677)
at org.testng.internal.invokers.TestInvoker.invokeTestMethod(TestInvoker.java:221)
at org.testng.internal.invokers.MethodRunner.runInSequence(MethodRunner.java:50)
at org.testng.internal.invokers.TestInvoker$MethodInvocationAgent.invoke(TestInvoker.java:969)
at org.testng.internal.invokers.TestInvoker.invokeTestMethods(TestInvoker.java:194)
at org.testng.internal.invokers.TestMethodWorker.invokeTestMethods(TestMethodWorker.java:148)
at org.testng.internal.invokers.TestMethodWorker.run(TestMethodWorker.java:128)
at java.base/java.util.ArrayList.forEach(ArrayList.java:1511)
at org.testng.TestRunner.privateRun(TestRunner.java:829)
at org.testng.TestRunner.run(TestRunner.java:602)
at org.testng.SuiteRunner.runTest(SuiteRunner.java:437)
at org.testng.SuiteRunner.runSequentially(SuiteRunner.java:431)
at org.testng.SuiteRunner.privateRun(SuiteRunner.java:391)
at org.testng.SuiteRunner.run(SuiteRunner.java:330)
at org.testng.SuiteRunnerWorker.runSuite(SuiteRunnerWorker.java:52)
at org.testng.SuiteRunnerWorker.run(SuiteRunnerWorker.java:95)
at org.testng.TestNG.runSuitesSequentially(TestNG.java:1256)
at org.testng.TestNG.runSuitesLocally(TestNG.java:1176)
at org.testng.TestNG.runSuites(TestNG.java:1099)
at org.testng.TestNG.run(TestNG.java:1067)
at org.testng.remote.AbstractRemoteTestNG.run(AbstractRemoteTestNG.java:115)
at org.testng.remote.RemoteTestNG.initAndRun(RemoteTestNG.java:251)
at org.testng.remote.RemoteTestNG.main(RemoteTestNG.java:77)
]]>
            </full-stacktrace>
          </exception> <!-- org.openqa.selenium.NoSuchElementException -->
          <reporter-output>
          </reporter-output>
        </test-method> <!-- click_graph_link -->
        <test-method signature="click_graph_representation()[pri:11, instance:pom.pageFactory.testRunner.GraphTest_POM@4b97c4ad]" started-at="2023-05-17T12:29:30 EDT" name="click_graph_representation" finished-at="2023-05-17T12:29:39 EDT" duration-ms="9048" status="FAIL">
          <exception class="org.openqa.selenium.NoSuchElementException">
            <message>
              <![CDATA[no such element: Unable to locate element: {"method":"xpath","selector":"//a[contains(text(),'Graph Representations')]"}
  (Session info: chrome=113.0.5672.93)
For documentation on this error, please visit: https://selenium.dev/exceptions/#no_such_element
Build info: version: '4.8.3', revision: 'e5e76298c3'
System info: os.name: 'Windows 11', os.arch: 'amd64', os.version: '10.0', java.version: '19.0.2'
Driver info: org.openqa.selenium.chrome.ChromeDriver
Command: [f723c1dc365735f33b5e14d6774225ef, findElement {using=xpath, value=//a[contains(text(),'Graph Representations')]}]
Capabilities {acceptInsecureCerts: false, browserName: chrome, browserVersion: 113.0.5672.93, chrome: {chromedriverVersion: 113.0.5672.63 (0e1a4471d5ae..., userDataDir: C:\Users\Garima\AppData\Loc...}, goog:chromeOptions: {debuggerAddress: localhost:64922}, networkConnectionEnabled: false, pageLoadStrategy: normal, platformName: WINDOWS, proxy: Proxy(), se:cdp: ws://localhost:64922/devtoo..., se:cdpVersion: 113.0.5672.93, setWindowRect: true, strictFileInteractability: false, timeouts: {implicit: 0, pageLoad: 300000, script: 30000}, unhandledPromptBehavior: dismiss and notify, webauthn:extension:credBlob: true, webauthn:extension:largeBlob: true, webauthn:extension:minPinLength: true, webauthn:extension:prf: true, webauthn:virtualAuthenticators: true}
Session ID: f723c1dc365735f33b5e14d6774225ef]]>
            </message>
            <full-stacktrace>
              <![CDATA[org.openqa.selenium.NoSuchElementException: no such element: Unable to locate element: {"method":"xpath","selector":"//a[contains(text(),'Graph Representations')]"}
  (Session info: chrome=113.0.5672.93)
For documentation on this error, please visit: https://selenium.dev/exceptions/#no_such_element
Build info: version: '4.8.3', revision: 'e5e76298c3'
System info: os.name: 'Windows 11', os.arch: 'amd64', os.version: '10.0', java.version: '19.0.2'
Driver info: org.openqa.selenium.chrome.ChromeDriver
Command: [f723c1dc365735f33b5e14d6774225ef, findElement {using=xpath, value=//a[contains(text(),'Graph Representations')]}]
Capabilities {acceptInsecureCerts: false, browserName: chrome, browserVersion: 113.0.5672.93, chrome: {chromedriverVersion: 113.0.5672.63 (0e1a4471d5ae..., userDataDir: C:\Users\Garima\AppData\Loc...}, goog:chromeOptions: {debuggerAddress: localhost:64922}, networkConnectionEnabled: false, pageLoadStrategy: normal, platformName: WINDOWS, proxy: Proxy(), se:cdp: ws://localhost:64922/devtoo..., se:cdpVersion: 113.0.5672.93, setWindowRect: true, strictFileInteractability: false, timeouts: {implicit: 0, pageLoad: 300000, script: 30000}, unhandledPromptBehavior: dismiss and notify, webauthn:extension:credBlob: true, webauthn:extension:largeBlob: true, webauthn:extension:minPinLength: true, webauthn:extension:prf: true, webauthn:virtualAuthenticators: true}
Session ID: f723c1dc365735f33b5e14d6774225ef
at java.base/jdk.internal.reflect.DirectConstructorHandleAccessor.newInstance(DirectConstructorHandleAccessor.java:67)
at java.base/java.lang.reflect.Constructor.newInstanceWithCaller(Constructor.java:500)
at java.base/java.lang.reflect.Constructor.newInstance(Constructor.java:484)
at org.openqa.selenium.remote.codec.w3c.W3CHttpResponseCodec.createException(W3CHttpResponseCodec.java:200)
at org.openqa.selenium.remote.codec.w3c.W3CHttpResponseCodec.decode(W3CHttpResponseCodec.java:133)
at org.openqa.selenium.remote.codec.w3c.W3CHttpResponseCodec.decode(W3CHttpResponseCodec.java:53)
at org.openqa.selenium.remote.HttpCommandExecutor.execute(HttpCommandExecutor.java:193)
at org.openqa.selenium.remote.service.DriverCommandExecutor.invokeExecute(DriverCommandExecutor.java:183)
at org.openqa.selenium.remote.service.DriverCommandExecutor.execute(DriverCommandExecutor.java:158)
at org.openqa.selenium.remote.RemoteWebDriver.execute(RemoteWebDriver.java:543)
at org.openqa.selenium.remote.ElementLocation$ElementFinder$2.findElement(ElementLocation.java:162)
at org.openqa.selenium.remote.ElementLocation.findElement(ElementLocation.java:60)
at org.openqa.selenium.remote.RemoteWebDriver.findElement(RemoteWebDriver.java:352)
at org.openqa.selenium.remote.RemoteWebDriver.findElement(RemoteWebDriver.java:344)
at org.openqa.selenium.support.pagefactory.DefaultElementLocator.findElement(DefaultElementLocator.java:70)
at org.openqa.selenium.support.pagefactory.internal.LocatingElementHandler.invoke(LocatingElementHandler.java:39)
at jdk.proxy2/jdk.proxy2.$Proxy20.click(Unknown Source)
at pom.pageFactory.pageObject.GraphPage.clickGraphRrepsentations(GraphPage.java:62)
at pom.pageFactory.testRunner.GraphTest_POM.click_graph_representation(GraphTest_POM.java:107)
at java.base/jdk.internal.reflect.DirectMethodHandleAccessor.invoke(DirectMethodHandleAccessor.java:104)
at java.base/java.lang.reflect.Method.invoke(Method.java:578)
at org.testng.internal.invokers.MethodInvocationHelper.invokeMethod(MethodInvocationHelper.java:139)
at org.testng.internal.invokers.TestInvoker.invokeMethod(TestInvoker.java:677)
at org.testng.internal.invokers.TestInvoker.invokeTestMethod(TestInvoker.java:221)
at org.testng.internal.invokers.MethodRunner.runInSequence(MethodRunner.java:50)
at org.testng.internal.invokers.TestInvoker$MethodInvocationAgent.invoke(TestInvoker.java:969)
at org.testng.internal.invokers.TestInvoker.invokeTestMethods(TestInvoker.java:194)
at org.testng.internal.invokers.TestMethodWorker.invokeTestMethods(TestMethodWorker.java:148)
at org.testng.internal.invokers.TestMethodWorker.run(TestMethodWorker.java:128)
at java.base/java.util.ArrayList.forEach(ArrayList.java:1511)
at org.testng.TestRunner.privateRun(TestRunner.java:829)
at org.testng.TestRunner.run(TestRunner.java:602)
at org.testng.SuiteRunner.runTest(SuiteRunner.java:437)
at org.testng.SuiteRunner.runSequentially(SuiteRunner.java:431)
at org.testng.SuiteRunner.privateRun(SuiteRunner.java:391)
at org.testng.SuiteRunner.run(SuiteRunner.java:330)
at org.testng.SuiteRunnerWorker.runSuite(SuiteRunnerWorker.java:52)
at org.testng.SuiteRunnerWorker.run(SuiteRunnerWorker.java:95)
at org.testng.TestNG.runSuitesSequentially(TestNG.java:1256)
at org.testng.TestNG.runSuitesLocally(TestNG.java:1176)
at org.testng.TestNG.runSuites(TestNG.java:1099)
at org.testng.TestNG.run(TestNG.java:1067)
at org.testng.remote.AbstractRemoteTestNG.run(AbstractRemoteTestNG.java:115)
at org.testng.remote.RemoteTestNG.initAndRun(RemoteTestNG.java:251)
at org.testng.remote.RemoteTestNG.main(RemoteTestNG.java:77)
]]>
            </full-stacktrace>
          </exception> <!-- org.openqa.selenium.NoSuchElementException -->
          <reporter-output>
          </reporter-output>
        </test-method> <!-- click_graph_representation -->
        <test-method signature="click_graph_practice_questions()[pri:13, instance:pom.pageFactory.testRunner.GraphTest_POM@4b97c4ad]" started-at="2023-05-17T12:29:39 EDT" name="click_graph_practice_questions" finished-at="2023-05-17T12:29:48 EDT" duration-ms="9058" status="FAIL">
          <exception class="org.openqa.selenium.NoSuchElementException">
            <message>
              <![CDATA[no such element: Unable to locate element: {"method":"xpath","selector":"//a[contains(text(),'Practice Questions')]"}
  (Session info: chrome=113.0.5672.93)
For documentation on this error, please visit: https://selenium.dev/exceptions/#no_such_element
Build info: version: '4.8.3', revision: 'e5e76298c3'
System info: os.name: 'Windows 11', os.arch: 'amd64', os.version: '10.0', java.version: '19.0.2'
Driver info: org.openqa.selenium.chrome.ChromeDriver
Command: [f723c1dc365735f33b5e14d6774225ef, findElement {using=xpath, value=//a[contains(text(),'Practice Questions')]}]
Capabilities {acceptInsecureCerts: false, browserName: chrome, browserVersion: 113.0.5672.93, chrome: {chromedriverVersion: 113.0.5672.63 (0e1a4471d5ae..., userDataDir: C:\Users\Garima\AppData\Loc...}, goog:chromeOptions: {debuggerAddress: localhost:64922}, networkConnectionEnabled: false, pageLoadStrategy: normal, platformName: WINDOWS, proxy: Proxy(), se:cdp: ws://localhost:64922/devtoo..., se:cdpVersion: 113.0.5672.93, setWindowRect: true, strictFileInteractability: false, timeouts: {implicit: 0, pageLoad: 300000, script: 30000}, unhandledPromptBehavior: dismiss and notify, webauthn:extension:credBlob: true, webauthn:extension:largeBlob: true, webauthn:extension:minPinLength: true, webauthn:extension:prf: true, webauthn:virtualAuthenticators: true}
Session ID: f723c1dc365735f33b5e14d6774225ef]]>
            </message>
            <full-stacktrace>
              <![CDATA[org.openqa.selenium.NoSuchElementException: no such element: Unable to locate element: {"method":"xpath","selector":"//a[contains(text(),'Practice Questions')]"}
  (Session info: chrome=113.0.5672.93)
For documentation on this error, please visit: https://selenium.dev/exceptions/#no_such_element
Build info: version: '4.8.3', revision: 'e5e76298c3'
System info: os.name: 'Windows 11', os.arch: 'amd64', os.version: '10.0', java.version: '19.0.2'
Driver info: org.openqa.selenium.chrome.ChromeDriver
Command: [f723c1dc365735f33b5e14d6774225ef, findElement {using=xpath, value=//a[contains(text(),'Practice Questions')]}]
Capabilities {acceptInsecureCerts: false, browserName: chrome, browserVersion: 113.0.5672.93, chrome: {chromedriverVersion: 113.0.5672.63 (0e1a4471d5ae..., userDataDir: C:\Users\Garima\AppData\Loc...}, goog:chromeOptions: {debuggerAddress: localhost:64922}, networkConnectionEnabled: false, pageLoadStrategy: normal, platformName: WINDOWS, proxy: Proxy(), se:cdp: ws://localhost:64922/devtoo..., se:cdpVersion: 113.0.5672.93, setWindowRect: true, strictFileInteractability: false, timeouts: {implicit: 0, pageLoad: 300000, script: 30000}, unhandledPromptBehavior: dismiss and notify, webauthn:extension:credBlob: true, webauthn:extension:largeBlob: true, webauthn:extension:minPinLength: true, webauthn:extension:prf: true, webauthn:virtualAuthenticators: true}
Session ID: f723c1dc365735f33b5e14d6774225ef
at java.base/jdk.internal.reflect.DirectConstructorHandleAccessor.newInstance(DirectConstructorHandleAccessor.java:67)
at java.base/java.lang.reflect.Constructor.newInstanceWithCaller(Constructor.java:500)
at java.base/java.lang.reflect.Constructor.newInstance(Constructor.java:484)
at org.openqa.selenium.remote.codec.w3c.W3CHttpResponseCodec.createException(W3CHttpResponseCodec.java:200)
at org.openqa.selenium.remote.codec.w3c.W3CHttpResponseCodec.decode(W3CHttpResponseCodec.java:133)
at org.openqa.selenium.remote.codec.w3c.W3CHttpResponseCodec.decode(W3CHttpResponseCodec.java:53)
at org.openqa.selenium.remote.HttpCommandExecutor.execute(HttpCommandExecutor.java:193)
at org.openqa.selenium.remote.service.DriverCommandExecutor.invokeExecute(DriverCommandExecutor.java:183)
at org.openqa.selenium.remote.service.DriverCommandExecutor.execute(DriverCommandExecutor.java:158)
at org.openqa.selenium.remote.RemoteWebDriver.execute(RemoteWebDriver.java:543)
at org.openqa.selenium.remote.ElementLocation$ElementFinder$2.findElement(ElementLocation.java:162)
at org.openqa.selenium.remote.ElementLocation.findElement(ElementLocation.java:60)
at org.openqa.selenium.remote.RemoteWebDriver.findElement(RemoteWebDriver.java:352)
at org.openqa.selenium.remote.RemoteWebDriver.findElement(RemoteWebDriver.java:344)
at org.openqa.selenium.support.pagefactory.DefaultElementLocator.findElement(DefaultElementLocator.java:70)
at org.openqa.selenium.support.pagefactory.internal.LocatingElementHandler.invoke(LocatingElementHandler.java:39)
at jdk.proxy2/jdk.proxy2.$Proxy20.click(Unknown Source)
at pom.pageFactory.pageObject.GraphPage.clickPracticeQuestionLink(GraphPage.java:95)
at pom.pageFactory.testRunner.GraphTest_POM.click_graph_practice_questions(GraphTest_POM.java:117)
at java.base/jdk.internal.reflect.DirectMethodHandleAccessor.invoke(DirectMethodHandleAccessor.java:104)
at java.base/java.lang.reflect.Method.invoke(Method.java:578)
at org.testng.internal.invokers.MethodInvocationHelper.invokeMethod(MethodInvocationHelper.java:139)
at org.testng.internal.invokers.TestInvoker.invokeMethod(TestInvoker.java:677)
at org.testng.internal.invokers.TestInvoker.invokeTestMethod(TestInvoker.java:221)
at org.testng.internal.invokers.MethodRunner.runInSequence(MethodRunner.java:50)
at org.testng.internal.invokers.TestInvoker$MethodInvocationAgent.invoke(TestInvoker.java:969)
at org.testng.internal.invokers.TestInvoker.invokeTestMethods(TestInvoker.java:194)
at org.testng.internal.invokers.TestMethodWorker.invokeTestMethods(TestMethodWorker.java:148)
at org.testng.internal.invokers.TestMethodWorker.run(TestMethodWorker.java:128)
at java.base/java.util.ArrayList.forEach(ArrayList.java:1511)
at org.testng.TestRunner.privateRun(TestRunner.java:829)
at org.testng.TestRunner.run(TestRunner.java:602)
at org.testng.SuiteRunner.runTest(SuiteRunner.java:437)
at org.testng.SuiteRunner.runSequentially(SuiteRunner.java:431)
at org.testng.SuiteRunner.privateRun(SuiteRunner.java:391)
at org.testng.SuiteRunner.run(SuiteRunner.java:330)
at org.testng.SuiteRunnerWorker.runSuite(SuiteRunnerWorker.java:52)
at org.testng.SuiteRunnerWorker.run(SuiteRunnerWorker.java:95)
at org.testng.TestNG.runSuitesSequentially(TestNG.java:1256)
at org.testng.TestNG.runSuitesLocally(TestNG.java:1176)
at org.testng.TestNG.runSuites(TestNG.java:1099)
at org.testng.TestNG.run(TestNG.java:1067)
at org.testng.remote.AbstractRemoteTestNG.run(AbstractRemoteTestNG.java:115)
at org.testng.remote.RemoteTestNG.initAndRun(RemoteTestNG.java:251)
at org.testng.remote.RemoteTestNG.main(RemoteTestNG.java:77)
]]>
            </full-stacktrace>
          </exception> <!-- org.openqa.selenium.NoSuchElementException -->
          <reporter-output>
          </reporter-output>
        </test-method> <!-- click_graph_practice_questions -->
        <test-method signature="graphPage_ClickSignOut()[pri:15, instance:pom.pageFactory.testRunner.GraphTest_POM@4b97c4ad]" started-at="2023-05-17T12:29:48 EDT" name="graphPage_ClickSignOut" finished-at="2023-05-17T12:29:56 EDT" duration-ms="8027" status="FAIL">
          <exception class="org.openqa.selenium.NoSuchElementException">
            <message>
              <![CDATA[no such element: Unable to locate element: {"method":"xpath","selector":"//a[@href='/logout']"}
  (Session info: chrome=113.0.5672.93)
For documentation on this error, please visit: https://selenium.dev/exceptions/#no_such_element
Build info: version: '4.8.3', revision: 'e5e76298c3'
System info: os.name: 'Windows 11', os.arch: 'amd64', os.version: '10.0', java.version: '19.0.2'
Driver info: org.openqa.selenium.chrome.ChromeDriver
Command: [f723c1dc365735f33b5e14d6774225ef, findElement {using=xpath, value=//a[@href='/logout']}]
Capabilities {acceptInsecureCerts: false, browserName: chrome, browserVersion: 113.0.5672.93, chrome: {chromedriverVersion: 113.0.5672.63 (0e1a4471d5ae..., userDataDir: C:\Users\Garima\AppData\Loc...}, goog:chromeOptions: {debuggerAddress: localhost:64922}, networkConnectionEnabled: false, pageLoadStrategy: normal, platformName: WINDOWS, proxy: Proxy(), se:cdp: ws://localhost:64922/devtoo..., se:cdpVersion: 113.0.5672.93, setWindowRect: true, strictFileInteractability: false, timeouts: {implicit: 0, pageLoad: 300000, script: 30000}, unhandledPromptBehavior: dismiss and notify, webauthn:extension:credBlob: true, webauthn:extension:largeBlob: true, webauthn:extension:minPinLength: true, webauthn:extension:prf: true, webauthn:virtualAuthenticators: true}
Session ID: f723c1dc365735f33b5e14d6774225ef]]>
            </message>
            <full-stacktrace>
              <![CDATA[org.openqa.selenium.NoSuchElementException: no such element: Unable to locate element: {"method":"xpath","selector":"//a[@href='/logout']"}
  (Session info: chrome=113.0.5672.93)
For documentation on this error, please visit: https://selenium.dev/exceptions/#no_such_element
Build info: version: '4.8.3', revision: 'e5e76298c3'
System info: os.name: 'Windows 11', os.arch: 'amd64', os.version: '10.0', java.version: '19.0.2'
Driver info: org.openqa.selenium.chrome.ChromeDriver
Command: [f723c1dc365735f33b5e14d6774225ef, findElement {using=xpath, value=//a[@href='/logout']}]
Capabilities {acceptInsecureCerts: false, browserName: chrome, browserVersion: 113.0.5672.93, chrome: {chromedriverVersion: 113.0.5672.63 (0e1a4471d5ae..., userDataDir: C:\Users\Garima\AppData\Loc...}, goog:chromeOptions: {debuggerAddress: localhost:64922}, networkConnectionEnabled: false, pageLoadStrategy: normal, platformName: WINDOWS, proxy: Proxy(), se:cdp: ws://localhost:64922/devtoo..., se:cdpVersion: 113.0.5672.93, setWindowRect: true, strictFileInteractability: false, timeouts: {implicit: 0, pageLoad: 300000, script: 30000}, unhandledPromptBehavior: dismiss and notify, webauthn:extension:credBlob: true, webauthn:extension:largeBlob: true, webauthn:extension:minPinLength: true, webauthn:extension:prf: true, webauthn:virtualAuthenticators: true}
Session ID: f723c1dc365735f33b5e14d6774225ef
at java.base/jdk.internal.reflect.DirectConstructorHandleAccessor.newInstance(DirectConstructorHandleAccessor.java:67)
at java.base/java.lang.reflect.Constructor.newInstanceWithCaller(Constructor.java:500)
at java.base/java.lang.reflect.Constructor.newInstance(Constructor.java:484)
at org.openqa.selenium.remote.codec.w3c.W3CHttpResponseCodec.createException(W3CHttpResponseCodec.java:200)
at org.openqa.selenium.remote.codec.w3c.W3CHttpResponseCodec.decode(W3CHttpResponseCodec.java:133)
at org.openqa.selenium.remote.codec.w3c.W3CHttpResponseCodec.decode(W3CHttpResponseCodec.java:53)
at org.openqa.selenium.remote.HttpCommandExecutor.execute(HttpCommandExecutor.java:193)
at org.openqa.selenium.remote.service.DriverCommandExecutor.invokeExecute(DriverCommandExecutor.java:183)
at org.openqa.selenium.remote.service.DriverCommandExecutor.execute(DriverCommandExecutor.java:158)
at org.openqa.selenium.remote.RemoteWebDriver.execute(RemoteWebDriver.java:543)
at org.openqa.selenium.remote.ElementLocation$ElementFinder$2.findElement(ElementLocation.java:162)
at org.openqa.selenium.remote.ElementLocation.findElement(ElementLocation.java:60)
at org.openqa.selenium.remote.RemoteWebDriver.findElement(RemoteWebDriver.java:352)
at org.openqa.selenium.remote.RemoteWebDriver.findElement(RemoteWebDriver.java:344)
at org.openqa.selenium.support.pagefactory.DefaultElementLocator.findElement(DefaultElementLocator.java:70)
at org.openqa.selenium.support.pagefactory.internal.LocatingElementHandler.invoke(LocatingElementHandler.java:39)
at jdk.proxy2/jdk.proxy2.$Proxy20.click(Unknown Source)
at pom.pageFactory.pageObject.GraphPage.clickSignOutLink(GraphPage.java:99)
at pom.pageFactory.testRunner.GraphTest_POM.graphPage_ClickSignOut(GraphTest_POM.java:125)
at java.base/jdk.internal.reflect.DirectMethodHandleAccessor.invoke(DirectMethodHandleAccessor.java:104)
at java.base/java.lang.reflect.Method.invoke(Method.java:578)
at org.testng.internal.invokers.MethodInvocationHelper.invokeMethod(MethodInvocationHelper.java:139)
at org.testng.internal.invokers.TestInvoker.invokeMethod(TestInvoker.java:677)
at org.testng.internal.invokers.TestInvoker.invokeTestMethod(TestInvoker.java:221)
at org.testng.internal.invokers.MethodRunner.runInSequence(MethodRunner.java:50)
at org.testng.internal.invokers.TestInvoker$MethodInvocationAgent.invoke(TestInvoker.java:969)
at org.testng.internal.invokers.TestInvoker.invokeTestMethods(TestInvoker.java:194)
at org.testng.internal.invokers.TestMethodWorker.invokeTestMethods(TestMethodWorker.java:148)
at org.testng.internal.invokers.TestMethodWorker.run(TestMethodWorker.java:128)
at java.base/java.util.ArrayList.forEach(ArrayList.java:1511)
at org.testng.TestRunner.privateRun(TestRunner.java:829)
at org.testng.TestRunner.run(TestRunner.java:602)
at org.testng.SuiteRunner.runTest(SuiteRunner.java:437)
at org.testng.SuiteRunner.runSequentially(SuiteRunner.java:431)
at org.testng.SuiteRunner.privateRun(SuiteRunner.java:391)
at org.testng.SuiteRunner.run(SuiteRunner.java:330)
at org.testng.SuiteRunnerWorker.runSuite(SuiteRunnerWorker.java:52)
at org.testng.SuiteRunnerWorker.run(SuiteRunnerWorker.java:95)
at org.testng.TestNG.runSuitesSequentially(TestNG.java:1256)
at org.testng.TestNG.runSuitesLocally(TestNG.java:1176)
at org.testng.TestNG.runSuites(TestNG.java:1099)
at org.testng.TestNG.run(TestNG.java:1067)
at org.testng.remote.AbstractRemoteTestNG.run(AbstractRemoteTestNG.java:115)
at org.testng.remote.RemoteTestNG.initAndRun(RemoteTestNG.java:251)
at org.testng.remote.RemoteTestNG.main(RemoteTestNG.java:77)
]]>
            </full-stacktrace>
          </exception> <!-- org.openqa.selenium.NoSuchElementException -->
          <reporter-output>
          </reporter-output>
        </test-method> <!-- graphPage_ClickSignOut -->
        <test-method signature="closeDriver()[pri:17, instance:pom.pageFactory.testRunner.GraphTest_POM@4b97c4ad]" started-at="2023-05-17T12:29:56 EDT" name="closeDriver" finished-at="2023-05-17T12:29:56 EDT" duration-ms="344" status="PASS">
          <reporter-output>
          </reporter-output>
        </test-method> <!-- closeDriver -->
      </class> <!-- pom.pageFactory.testRunner.GraphTest_POM -->
      <class name="pom.pageFactory.testRunner.LoginTest_POM">
        <test-method signature="OpenHomeURL()[pri:1, instance:pom.pageFactory.testRunner.LoginTest_POM@97d0c06]" started-at="2023-05-17T12:24:33 EDT" name="OpenHomeURL" finished-at="2023-05-17T12:24:33 EDT" duration-ms="8" status="PASS">
          <reporter-output>
          </reporter-output>
        </test-method> <!-- OpenHomeURL -->
        <test-method signature="ClickSignInLink()[pri:4, instance:pom.pageFactory.testRunner.LoginTest_POM@97d0c06]" started-at="2023-05-17T12:24:33 EDT" name="ClickSignInLink" finished-at="2023-05-17T12:24:34 EDT" duration-ms="1284" status="PASS">
          <reporter-output>
          </reporter-output>
        </test-method> <!-- ClickSignInLink -->
        <test-method signature="LoginNegativeTest()[pri:5, instance:pom.pageFactory.testRunner.LoginTest_POM@97d0c06]" started-at="2023-05-17T12:24:34 EDT" name="LoginNegativeTest" finished-at="2023-05-17T12:24:37 EDT" duration-ms="3105" status="PASS">
          <reporter-output>
          </reporter-output>
        </test-method> <!-- LoginNegativeTest -->
        <test-method signature="UserPositiveTest()[pri:6, instance:pom.pageFactory.testRunner.LoginTest_POM@97d0c06]" started-at="2023-05-17T12:24:37 EDT" name="UserPositiveTest" finished-at="2023-05-17T12:24:39 EDT" duration-ms="1529" status="PASS">
          <reporter-output>
          </reporter-output>
        </test-method> <!-- UserPositiveTest -->
      </class> <!-- pom.pageFactory.testRunner.LoginTest_POM -->
      <class name="pom.pageFactory.testRunner.QueueTest_POM">
        <test-method signature="OpenHomeURL()[pri:1, instance:pom.pageFactory.testRunner.QueueTest_POM@4c1bdcc2]" started-at="2023-05-17T12:26:46 EDT" name="OpenHomeURL" finished-at="2023-05-17T12:26:46 EDT" duration-ms="7" status="PASS">
          <reporter-output>
          </reporter-output>
        </test-method> <!-- OpenHomeURL -->
        <test-method signature="clickImplementationQueue()[pri:9, instance:pom.pageFactory.testRunner.QueueTest_POM@4c1bdcc2]" started-at="2023-05-17T12:26:46 EDT" name="clickImplementationQueue" finished-at="2023-05-17T12:26:53 EDT" duration-ms="6885" status="PASS">
          <reporter-output>
          </reporter-output>
        </test-method> <!-- clickImplementationQueue -->
        <test-method signature="clickImplementationCollections()[pri:11, instance:pom.pageFactory.testRunner.QueueTest_POM@4c1bdcc2]" started-at="2023-05-17T12:26:53 EDT" name="clickImplementationCollections" finished-at="2023-05-17T12:26:59 EDT" duration-ms="5643" status="PASS">
          <reporter-output>
          </reporter-output>
        </test-method> <!-- clickImplementationCollections -->
        <test-method signature="clickImplementationArray()[pri:13, instance:pom.pageFactory.testRunner.QueueTest_POM@4c1bdcc2]" started-at="2023-05-17T12:26:59 EDT" name="clickImplementationArray" finished-at="2023-05-17T12:27:05 EDT" duration-ms="5707" status="PASS">
          <reporter-output>
          </reporter-output>
        </test-method> <!-- clickImplementationArray -->
        <test-method signature="clickQueueOperations()[pri:15, instance:pom.pageFactory.testRunner.QueueTest_POM@4c1bdcc2]" started-at="2023-05-17T12:27:05 EDT" name="clickQueueOperations" finished-at="2023-05-17T12:27:10 EDT" duration-ms="5647" status="PASS">
          <reporter-output>
          </reporter-output>
        </test-method> <!-- clickQueueOperations -->
        <test-method signature="queue_PracticeQuestionsLink()[pri:16, instance:pom.pageFactory.testRunner.QueueTest_POM@4c1bdcc2]" started-at="2023-05-17T12:27:10 EDT" name="queue_PracticeQuestionsLink" finished-at="2023-05-17T12:27:13 EDT" duration-ms="2153" status="PASS">
          <reporter-output>
          </reporter-output>
        </test-method> <!-- queue_PracticeQuestionsLink -->
        <test-method signature="queue_Dropdown()[pri:17, instance:pom.pageFactory.testRunner.QueueTest_POM@4c1bdcc2]" started-at="2023-05-17T12:27:13 EDT" name="queue_Dropdown" finished-at="2023-05-17T12:27:14 EDT" duration-ms="1268" status="PASS">
          <reporter-output>
          </reporter-output>
        </test-method> <!-- queue_Dropdown -->
      </class> <!-- pom.pageFactory.testRunner.QueueTest_POM -->
    </test> <!-- Test -->
  </suite> <!-- Suite -->
</testng-results>
